TpTrace Verbose: 0 : 22072, 1, 2025/08/13, 12:15:58.260, 14534489817884, vstest.console.dll, Version: 17.14.1-release-25302-01 Current process architecture: X64
TpTrace Verbose: 0 : 22072, 1, 2025/08/13, 12:15:58.262, 14534489840238, vstest.console.dll, Runtime location: C:\Program Files\dotnet\shared\Microsoft.NETCore.App\9.0.7
TpTrace Verbose: 0 : 22072, 1, 2025/08/13, 12:15:58.265, 14534489870388, vstest.console.dll, ArtifactProcessingPostProcessModeProcessorExecutor.Initialize: ArtifactProcessingMode.Collect
TpTrace Verbose: 0 : 22072, 1, 2025/08/13, 12:15:58.266, 14534489872648, vstest.console.dll, TestSessionCorrelationIdProcessorModeProcessorExecutor.Initialize: TestSessionCorrelationId '39548_36b9d579-f798-4769-9acd-df71ccd2a24d'
TpTrace Information: 0 : 22072, 1, 2025/08/13, 12:15:58.273, 14534489943245, vstest.console.dll, FilePatternParser: The given file D:\DEV\SoftUni_QA_Back-End-Test-Automation\13.ExamPrep-1\IdeaCenterAPITests\IdeaCenterAPITests\IdeaCenterAPITests\bin\Debug\fine-code-coverage-net8.0\IdeaCenterAPITests.dll is a full path.
TpTrace Verbose: 0 : 22072, 1, 2025/08/13, 12:15:58.277, 14534489988188, vstest.console.dll, TestPluginCache.DiscoverTestExtensions: finding test extensions in assemblies ends with: RuntimeProvider.dll TPluginInfo: Microsoft.VisualStudio.TestPlatform.Common.ExtensionFramework.Utilities.TestRuntimePluginInformation TExtension: Microsoft.VisualStudio.TestPlatform.ObjectModel.Host.ITestRuntimeProvider
TpTrace Verbose: 0 : 22072, 1, 2025/08/13, 12:15:58.278, 14534489991132, vstest.console.dll, TestPluginCache.GetExtensionPaths: Filtered extension paths: 
TpTrace Verbose: 0 : 22072, 1, 2025/08/13, 12:15:58.278, 14534489991776, vstest.console.dll, TestPluginCache.GetExtensionPaths: Added default extension paths: C:\Program Files\dotnet\sdk\9.0.302\Extensions\Microsoft.Diagnostics.NETCore.Client.dll
C:\Program Files\dotnet\sdk\9.0.302\Extensions\Microsoft.TestPlatform.Extensions.BlameDataCollector.dll
C:\Program Files\dotnet\sdk\9.0.302\Extensions\Microsoft.TestPlatform.Extensions.EventLogCollector.dll
C:\Program Files\dotnet\sdk\9.0.302\Extensions\Microsoft.TestPlatform.TestHostRuntimeProvider.dll
C:\Program Files\dotnet\sdk\9.0.302\Extensions\Microsoft.VisualStudio.TestPlatform.Extensions.Html.TestLogger.dll
C:\Program Files\dotnet\sdk\9.0.302\Extensions\Microsoft.VisualStudio.TestPlatform.Extensions.Trx.TestLogger.dll
TpTrace Verbose: 0 : 22072, 1, 2025/08/13, 12:15:58.278, 14534489991984, vstest.console.dll, TestPluginCache.GetExtensionPaths: Added unfilterableExtensionPaths: 
TpTrace Information: 0 : 22072, 1, 2025/08/13, 12:15:58.278, 14534489996136, vstest.console.dll, AssemblyResolver.ctor: Creating AssemblyResolver with searchDirectories C:\Program Files\dotnet\sdk\9.0.302\Extensions,C:\Program Files\dotnet\sdk\9.0.302
TpTrace Verbose: 0 : 22072, 1, 2025/08/13, 12:15:58.280, 14534490012740, vstest.console.dll, TestPluginCache.DiscoverTestExtensions: Discovering the extensions using extension path.
TpTrace Verbose: 0 : 22072, 1, 2025/08/13, 12:15:58.280, 14534490014057, vstest.console.dll, TestPluginCache.GetExtensionPaths: Filtered extension paths: 
TpTrace Verbose: 0 : 22072, 1, 2025/08/13, 12:15:58.280, 14534490014342, vstest.console.dll, TestPluginCache.GetExtensionPaths: Added default extension paths: C:\Program Files\dotnet\sdk\9.0.302\Extensions\Microsoft.Diagnostics.NETCore.Client.dll
C:\Program Files\dotnet\sdk\9.0.302\Extensions\Microsoft.TestPlatform.Extensions.BlameDataCollector.dll
C:\Program Files\dotnet\sdk\9.0.302\Extensions\Microsoft.TestPlatform.Extensions.EventLogCollector.dll
C:\Program Files\dotnet\sdk\9.0.302\Extensions\Microsoft.TestPlatform.TestHostRuntimeProvider.dll
C:\Program Files\dotnet\sdk\9.0.302\Extensions\Microsoft.VisualStudio.TestPlatform.Extensions.Html.TestLogger.dll
C:\Program Files\dotnet\sdk\9.0.302\Extensions\Microsoft.VisualStudio.TestPlatform.Extensions.Trx.TestLogger.dll
TpTrace Verbose: 0 : 22072, 1, 2025/08/13, 12:15:58.280, 14534490014510, vstest.console.dll, TestPluginCache.GetExtensionPaths: Added unfilterableExtensionPaths: 
TpTrace Verbose: 0 : 22072, 1, 2025/08/13, 12:15:58.280, 14534490015507, vstest.console.dll, TestPluginCache.DiscoverTestExtensions: Discovering the extensions using allExtensionPaths: C:\Program Files\dotnet\sdk\9.0.302\Extensions\Microsoft.Diagnostics.NETCore.Client.dll
C:\Program Files\dotnet\sdk\9.0.302\Extensions\Microsoft.TestPlatform.Extensions.BlameDataCollector.dll
C:\Program Files\dotnet\sdk\9.0.302\Extensions\Microsoft.TestPlatform.Extensions.EventLogCollector.dll
C:\Program Files\dotnet\sdk\9.0.302\Extensions\Microsoft.TestPlatform.TestHostRuntimeProvider.dll
C:\Program Files\dotnet\sdk\9.0.302\Extensions\Microsoft.VisualStudio.TestPlatform.Extensions.Html.TestLogger.dll
C:\Program Files\dotnet\sdk\9.0.302\Extensions\Microsoft.VisualStudio.TestPlatform.Extensions.Trx.TestLogger.dll
TpTrace Information: 0 : 22072, 1, 2025/08/13, 12:15:58.280, 14534490016451, vstest.console.dll, AssemblyResolver.AddSearchDirectories: Adding more searchDirectories C:\Program Files\dotnet\sdk\9.0.302\Extensions,C:\Program Files\dotnet\sdk\9.0.302
TpTrace Information: 0 : 22072, 1, 2025/08/13, 12:15:58.280, 14534490017012, vstest.console.dll, AssemblyResolver.AddSearchDirectories: Adding more searchDirectories C:\Program Files\dotnet\sdk\9.0.302\Extensions,C:\Program Files\dotnet\sdk\9.0.302
TpTrace Information: 0 : 22072, 1, 2025/08/13, 12:15:58.280, 14534490017381, vstest.console.dll, AssemblyResolver.AddSearchDirectories: Adding more searchDirectories C:\Program Files\dotnet\sdk\9.0.302\Extensions,C:\Program Files\dotnet\sdk\9.0.302
TpTrace Information: 0 : 22072, 1, 2025/08/13, 12:15:58.280, 14534490017822, vstest.console.dll, AssemblyResolver.AddSearchDirectories: Adding more searchDirectories C:\Program Files\dotnet\sdk\9.0.302\Extensions,C:\Program Files\dotnet\sdk\9.0.302
TpTrace Information: 0 : 22072, 1, 2025/08/13, 12:15:58.280, 14534490018104, vstest.console.dll, AssemblyResolver.AddSearchDirectories: Adding more searchDirectories C:\Program Files\dotnet\sdk\9.0.302\Extensions,C:\Program Files\dotnet\sdk\9.0.302
TpTrace Information: 0 : 22072, 1, 2025/08/13, 12:15:58.280, 14534490018382, vstest.console.dll, AssemblyResolver.AddSearchDirectories: Adding more searchDirectories C:\Program Files\dotnet\sdk\9.0.302\Extensions,C:\Program Files\dotnet\sdk\9.0.302
TpTrace Information: 0 : 22072, 1, 2025/08/13, 12:15:58.281, 14534490024850, vstest.console.dll, AssemblyResolver.OnResolve: Microsoft.Diagnostics.NETCore.Client: Resolving assembly.
TpTrace Information: 0 : 22072, 1, 2025/08/13, 12:15:58.281, 14534490025997, vstest.console.dll, AssemblyResolver.OnResolve: Microsoft.Diagnostics.NETCore.Client: Searching in: 'C:\Program Files\dotnet\sdk\9.0.302\Extensions'.
TpTrace Information: 0 : 22072, 1, 2025/08/13, 12:15:58.296, 14534490179267, vstest.console.dll, AssemblyResolver.OnResolve: Microsoft.Diagnostics.NETCore.Client: Loading assembly 'C:\Program Files\dotnet\sdk\9.0.302\Extensions\Microsoft.Diagnostics.NETCore.Client.dll'.
TpTrace Information: 0 : 22072, 1, 2025/08/13, 12:15:58.297, 14534490188879, vstest.console.dll, AssemblyResolver.OnResolve: Resolved assembly: Microsoft.Diagnostics.NETCore.Client, from path: C:\Program Files\dotnet\sdk\9.0.302\Extensions\Microsoft.Diagnostics.NETCore.Client.dll
TpTrace Verbose: 0 : 22072, 1, 2025/08/13, 12:15:58.298, 14534490197488, vstest.console.dll, MetadataReaderExtensionsHelper: Discovering extensions inside assembly 'Microsoft.Diagnostics.NETCore.Client, Version=0.2.12.17301, Culture=neutral, PublicKeyToken=31bf3856ad364e35' file path 'C:\Program Files\dotnet\sdk\9.0.302\Extensions\Microsoft.Diagnostics.NETCore.Client.dll'
TpTrace Information: 0 : 22072, 1, 2025/08/13, 12:15:58.300, 14534490217604, vstest.console.dll, AssemblyResolver.OnResolve: Microsoft.Bcl.AsyncInterfaces: Resolving assembly.
TpTrace Information: 0 : 22072, 1, 2025/08/13, 12:15:58.300, 14534490218465, vstest.console.dll, AssemblyResolver.OnResolve: Microsoft.Bcl.AsyncInterfaces: Searching in: 'C:\Program Files\dotnet\sdk\9.0.302\Extensions'.
TpTrace Information: 0 : 22072, 1, 2025/08/13, 12:15:58.300, 14534490219244, vstest.console.dll, AssemblyResolver.OnResolve: Microsoft.Bcl.AsyncInterfaces: Assembly path does not exist: 'C:\Program Files\dotnet\sdk\9.0.302\Extensions\Microsoft.Bcl.AsyncInterfaces.dll', returning.
TpTrace Information: 0 : 22072, 1, 2025/08/13, 12:15:58.300, 14534490220192, vstest.console.dll, AssemblyResolver.OnResolve: Microsoft.Bcl.AsyncInterfaces: Assembly path does not exist: 'C:\Program Files\dotnet\sdk\9.0.302\Extensions\Microsoft.Bcl.AsyncInterfaces.exe', returning.
TpTrace Information: 0 : 22072, 1, 2025/08/13, 12:15:58.300, 14534490220419, vstest.console.dll, AssemblyResolver.OnResolve: Microsoft.Bcl.AsyncInterfaces: Searching in: 'C:\Program Files\dotnet\sdk\9.0.302'.
TpTrace Information: 0 : 22072, 1, 2025/08/13, 12:15:58.301, 14534490220835, vstest.console.dll, AssemblyResolver.OnResolve: Microsoft.Bcl.AsyncInterfaces: Assembly path does not exist: 'C:\Program Files\dotnet\sdk\9.0.302\Microsoft.Bcl.AsyncInterfaces.dll', returning.
TpTrace Information: 0 : 22072, 1, 2025/08/13, 12:15:58.301, 14534490221187, vstest.console.dll, AssemblyResolver.OnResolve: Microsoft.Bcl.AsyncInterfaces: Assembly path does not exist: 'C:\Program Files\dotnet\sdk\9.0.302\Microsoft.Bcl.AsyncInterfaces.exe', returning.
TpTrace Information: 0 : 22072, 1, 2025/08/13, 12:15:58.301, 14534490221414, vstest.console.dll, AssemblyResolver.OnResolve: Microsoft.Bcl.AsyncInterfaces: Failed to load assembly.
TpTrace Verbose: 0 : 22072, 1, 2025/08/13, 12:15:58.301, 14534490221652, vstest.console.dll, CurrentDomainAssemblyResolve: Resolving assembly 'Microsoft.Bcl.AsyncInterfaces'.
TpTrace Information: 0 : 22072, 1, 2025/08/13, 12:15:58.301, 14534490222071, vstest.console.dll, AssemblyResolver.OnResolve: Microsoft.Bcl.AsyncInterfaces: Resolving assembly.
TpTrace Information: 0 : 22072, 1, 2025/08/13, 12:15:58.301, 14534490222292, vstest.console.dll, AssemblyResolver.OnResolve: Microsoft.Bcl.AsyncInterfaces: Resolved from cache.
TpTrace Verbose: 0 : 22072, 1, 2025/08/13, 12:15:58.301, 14534490222447, vstest.console.dll, CurrentDomainAssemblyResolve: Resolving assembly 'Microsoft.Bcl.AsyncInterfaces'.
TpTrace Verbose: 0 : 22072, 1, 2025/08/13, 12:15:58.301, 14534490222638, vstest.console.dll, CurrentDomainAssemblyResolve: Failed to resolve assembly 'Microsoft.Bcl.AsyncInterfaces'.
TpTrace Verbose: 0 : 22072, 1, 2025/08/13, 12:15:58.302, 14534490232474, vstest.console.dll, CurrentDomainAssemblyResolve: Failed to resolve assembly 'Microsoft.Bcl.AsyncInterfaces'.
TpTrace Information: 0 : 22072, 1, 2025/08/13, 12:15:58.305, 14534490266760, vstest.console.dll, AssemblyResolver.OnResolve: Microsoft.Bcl.AsyncInterfaces: Resolving assembly.
TpTrace Information: 0 : 22072, 1, 2025/08/13, 12:15:58.305, 14534490267603, vstest.console.dll, AssemblyResolver.OnResolve: Microsoft.Bcl.AsyncInterfaces: Resolved from cache.
TpTrace Verbose: 0 : 22072, 1, 2025/08/13, 12:15:58.305, 14534490267864, vstest.console.dll, CurrentDomainAssemblyResolve: Resolving assembly 'Microsoft.Bcl.AsyncInterfaces'.
TpTrace Verbose: 0 : 22072, 1, 2025/08/13, 12:15:58.305, 14534490268016, vstest.console.dll, CurrentDomainAssemblyResolve: Failed to resolve assembly 'Microsoft.Bcl.AsyncInterfaces'.
TpTrace Warning: 0 : 22072, 1, 2025/08/13, 12:15:58.316, 14534490380717, vstest.console.dll, TestPluginDiscoverer: Failed to get types from assembly 'Microsoft.Diagnostics.NETCore.Client, Version=0.2.12.17301, Culture=neutral, PublicKeyToken=31bf3856ad364e35'. Error: System.Reflection.ReflectionTypeLoadException: Unable to load one or more of the requested types.
Could not load file or assembly 'Microsoft.Bcl.AsyncInterfaces, Version=6.0.0.0, Culture=neutral, PublicKeyToken=cc7b13ffcd2ddd51'. The system cannot find the file specified.
Could not load file or assembly 'Microsoft.Bcl.AsyncInterfaces, Version=6.0.0.0, Culture=neutral, PublicKeyToken=cc7b13ffcd2ddd51'. The system cannot find the file specified.
   at System.Reflection.RuntimeModule.GetDefinedTypes()
   at System.Reflection.RuntimeModule.GetTypes()
   at Microsoft.VisualStudio.TestPlatform.Common.ExtensionFramework.TestPluginDiscoverer.GetTestExtensionsFromAssembly[TPluginInfo,TExtension](Assembly assembly, Dictionary`2 pluginInfos, String filePath) in /_/src/Microsoft.TestPlatform.Common/ExtensionFramework/TestPluginDiscoverer.cs:line 159
System.IO.FileNotFoundException: Could not load file or assembly 'Microsoft.Bcl.AsyncInterfaces, Version=6.0.0.0, Culture=neutral, PublicKeyToken=cc7b13ffcd2ddd51'. The system cannot find the file specified.
File name: 'Microsoft.Bcl.AsyncInterfaces, Version=6.0.0.0, Culture=neutral, PublicKeyToken=cc7b13ffcd2ddd51'
 ---> System.IO.FileNotFoundException: Could not load file or assembly 'Microsoft.Bcl.AsyncInterfaces, Culture=neutral, PublicKeyToken=null'. The system cannot find the file specified.
File name: 'Microsoft.Bcl.AsyncInterfaces, Culture=neutral, PublicKeyToken=null'
   at System.Reflection.RuntimeAssembly.InternalLoad(AssemblyName assemblyName, StackCrawlMark& stackMark, AssemblyLoadContext assemblyLoadContext, RuntimeAssembly requestingAssembly, Boolean throwOnFileNotFound)
   at System.Reflection.Assembly.Load(AssemblyName assemblyRef)
   at Microsoft.VisualStudio.TestPlatform.Common.ExtensionFramework.TestPluginCache.CurrentDomainAssemblyResolve(Object sender, AssemblyResolveEventArgs args) in /_/src/Microsoft.TestPlatform.Common/ExtensionFramework/TestPluginCache.cs:line 514
   at System.Runtime.Loader.AssemblyLoadContext.GetFirstResolvedAssemblyFromResolvingEvent(AssemblyName assemblyName)
   at System.Runtime.Loader.AssemblyLoadContext.ResolveUsingEvent(AssemblyName assemblyName)
   at System.Runtime.Loader.AssemblyLoadContext.ResolveUsingResolvingEvent(IntPtr gchManagedAssemblyLoadContext, AssemblyName assemblyName)
System.IO.FileNotFoundException: Could not load file or assembly 'Microsoft.Bcl.AsyncInterfaces, Version=6.0.0.0, Culture=neutral, PublicKeyToken=cc7b13ffcd2ddd51'. The system cannot find the file specified.
File name: 'Microsoft.Bcl.AsyncInterfaces, Version=6.0.0.0, Culture=neutral, PublicKeyToken=cc7b13ffcd2ddd51'
TpTrace Warning: 0 : 22072, 1, 2025/08/13, 12:15:58.317, 14534490384050, vstest.console.dll, LoaderExceptions: System.IO.FileNotFoundException: Could not load file or assembly 'Microsoft.Bcl.AsyncInterfaces, Version=6.0.0.0, Culture=neutral, PublicKeyToken=cc7b13ffcd2ddd51'. The system cannot find the file specified.
File name: 'Microsoft.Bcl.AsyncInterfaces, Version=6.0.0.0, Culture=neutral, PublicKeyToken=cc7b13ffcd2ddd51'
 ---> System.IO.FileNotFoundException: Could not load file or assembly 'Microsoft.Bcl.AsyncInterfaces, Culture=neutral, PublicKeyToken=null'. The system cannot find the file specified.
File name: 'Microsoft.Bcl.AsyncInterfaces, Culture=neutral, PublicKeyToken=null'
   at System.Reflection.RuntimeAssembly.InternalLoad(AssemblyName assemblyName, StackCrawlMark& stackMark, AssemblyLoadContext assemblyLoadContext, RuntimeAssembly requestingAssembly, Boolean throwOnFileNotFound)
   at System.Reflection.Assembly.Load(AssemblyName assemblyRef)
   at Microsoft.VisualStudio.TestPlatform.Common.ExtensionFramework.TestPluginCache.CurrentDomainAssemblyResolve(Object sender, AssemblyResolveEventArgs args) in /_/src/Microsoft.TestPlatform.Common/ExtensionFramework/TestPluginCache.cs:line 514
   at System.Runtime.Loader.AssemblyLoadContext.GetFirstResolvedAssemblyFromResolvingEvent(AssemblyName assemblyName)
   at System.Runtime.Loader.AssemblyLoadContext.ResolveUsingEvent(AssemblyName assemblyName)
   at System.Runtime.Loader.AssemblyLoadContext.ResolveUsingResolvingEvent(IntPtr gchManagedAssemblyLoadContext, AssemblyName assemblyName)
TpTrace Warning: 0 : 22072, 1, 2025/08/13, 12:15:58.317, 14534490384573, vstest.console.dll, LoaderExceptions: System.IO.FileNotFoundException: Could not load file or assembly 'Microsoft.Bcl.AsyncInterfaces, Version=6.0.0.0, Culture=neutral, PublicKeyToken=cc7b13ffcd2ddd51'. The system cannot find the file specified.
File name: 'Microsoft.Bcl.AsyncInterfaces, Version=6.0.0.0, Culture=neutral, PublicKeyToken=cc7b13ffcd2ddd51'
TpTrace Information: 0 : 22072, 1, 2025/08/13, 12:15:58.317, 14534490385525, vstest.console.dll, AssemblyResolver.OnResolve: Microsoft.TestPlatform.Extensions.BlameDataCollector: Resolving assembly.
TpTrace Information: 0 : 22072, 1, 2025/08/13, 12:15:58.317, 14534490386492, vstest.console.dll, AssemblyResolver.OnResolve: Microsoft.TestPlatform.Extensions.BlameDataCollector: Searching in: 'C:\Program Files\dotnet\sdk\9.0.302\Extensions'.
TpTrace Information: 0 : 22072, 1, 2025/08/13, 12:15:58.318, 14534490393417, vstest.console.dll, AssemblyResolver.OnResolve: Microsoft.TestPlatform.Extensions.BlameDataCollector: Loading assembly 'C:\Program Files\dotnet\sdk\9.0.302\Extensions\Microsoft.TestPlatform.Extensions.BlameDataCollector.dll'.
TpTrace Information: 0 : 22072, 1, 2025/08/13, 12:15:58.319, 14534490406156, vstest.console.dll, AssemblyResolver.OnResolve: Resolved assembly: Microsoft.TestPlatform.Extensions.BlameDataCollector, from path: C:\Program Files\dotnet\sdk\9.0.302\Extensions\Microsoft.TestPlatform.Extensions.BlameDataCollector.dll
TpTrace Verbose: 0 : 22072, 1, 2025/08/13, 12:15:58.319, 14534490408305, vstest.console.dll, MetadataReaderExtensionsHelper: Discovering extensions inside assembly 'Microsoft.TestPlatform.Extensions.BlameDataCollector, Version=15.0.0.0, Culture=neutral, PublicKeyToken=b03f5f7f11d50a3a' file path 'C:\Program Files\dotnet\sdk\9.0.302\Extensions\Microsoft.TestPlatform.Extensions.BlameDataCollector.dll'
TpTrace Information: 0 : 22072, 1, 2025/08/13, 12:15:58.321, 14534490424849, vstest.console.dll, AssemblyResolver.OnResolve: Microsoft.TestPlatform.Extensions.EventLogCollector: Resolving assembly.
TpTrace Information: 0 : 22072, 1, 2025/08/13, 12:15:58.321, 14534490425822, vstest.console.dll, AssemblyResolver.OnResolve: Microsoft.TestPlatform.Extensions.EventLogCollector: Searching in: 'C:\Program Files\dotnet\sdk\9.0.302\Extensions'.
TpTrace Information: 0 : 22072, 1, 2025/08/13, 12:15:58.322, 14534490431551, vstest.console.dll, AssemblyResolver.OnResolve: Microsoft.TestPlatform.Extensions.EventLogCollector: Loading assembly 'C:\Program Files\dotnet\sdk\9.0.302\Extensions\Microsoft.TestPlatform.Extensions.EventLogCollector.dll'.
TpTrace Information: 0 : 22072, 1, 2025/08/13, 12:15:58.322, 14534490437283, vstest.console.dll, AssemblyResolver.OnResolve: Resolved assembly: Microsoft.TestPlatform.Extensions.EventLogCollector, from path: C:\Program Files\dotnet\sdk\9.0.302\Extensions\Microsoft.TestPlatform.Extensions.EventLogCollector.dll
TpTrace Verbose: 0 : 22072, 1, 2025/08/13, 12:15:58.322, 14534490437833, vstest.console.dll, MetadataReaderExtensionsHelper: Discovering extensions inside assembly 'Microsoft.TestPlatform.Extensions.EventLogCollector, Version=15.0.0.0, Culture=neutral, PublicKeyToken=b03f5f7f11d50a3a' file path 'C:\Program Files\dotnet\sdk\9.0.302\Extensions\Microsoft.TestPlatform.Extensions.EventLogCollector.dll'
TpTrace Information: 0 : 22072, 1, 2025/08/13, 12:15:58.325, 14534490462367, vstest.console.dll, AssemblyResolver.OnResolve: Microsoft.TestPlatform.TestHostRuntimeProvider: Resolving assembly.
TpTrace Information: 0 : 22072, 1, 2025/08/13, 12:15:58.325, 14534490463403, vstest.console.dll, AssemblyResolver.OnResolve: Microsoft.TestPlatform.TestHostRuntimeProvider: Searching in: 'C:\Program Files\dotnet\sdk\9.0.302\Extensions'.
TpTrace Information: 0 : 22072, 1, 2025/08/13, 12:15:58.325, 14534490468718, vstest.console.dll, AssemblyResolver.OnResolve: Microsoft.TestPlatform.TestHostRuntimeProvider: Loading assembly 'C:\Program Files\dotnet\sdk\9.0.302\Extensions\Microsoft.TestPlatform.TestHostRuntimeProvider.dll'.
TpTrace Information: 0 : 22072, 1, 2025/08/13, 12:15:58.326, 14534490475097, vstest.console.dll, AssemblyResolver.OnResolve: Resolved assembly: Microsoft.TestPlatform.TestHostRuntimeProvider, from path: C:\Program Files\dotnet\sdk\9.0.302\Extensions\Microsoft.TestPlatform.TestHostRuntimeProvider.dll
TpTrace Verbose: 0 : 22072, 1, 2025/08/13, 12:15:58.326, 14534490475739, vstest.console.dll, MetadataReaderExtensionsHelper: Discovering extensions inside assembly 'Microsoft.TestPlatform.TestHostRuntimeProvider, Version=15.0.0.0, Culture=neutral, PublicKeyToken=b03f5f7f11d50a3a' file path 'C:\Program Files\dotnet\sdk\9.0.302\Extensions\Microsoft.TestPlatform.TestHostRuntimeProvider.dll'
TpTrace Information: 0 : 22072, 1, 2025/08/13, 12:15:58.328, 14534490491913, vstest.console.dll, GetTestExtensionFromType: Register extension with identifier data 'HostProvider://DefaultTestHost' and type 'Microsoft.VisualStudio.TestPlatform.CrossPlatEngine.Hosting.DefaultTestHostManager, Microsoft.TestPlatform.TestHostRuntimeProvider, Version=15.0.0.0, Culture=neutral, PublicKeyToken=b03f5f7f11d50a3a' inside file 'C:\Program Files\dotnet\sdk\9.0.302\Extensions\Microsoft.TestPlatform.TestHostRuntimeProvider.dll'
TpTrace Information: 0 : 22072, 1, 2025/08/13, 12:15:58.328, 14534490494523, vstest.console.dll, GetTestExtensionFromType: Register extension with identifier data 'HostProvider://DotnetTestHost' and type 'Microsoft.VisualStudio.TestPlatform.CrossPlatEngine.Hosting.DotnetTestHostManager, Microsoft.TestPlatform.TestHostRuntimeProvider, Version=15.0.0.0, Culture=neutral, PublicKeyToken=b03f5f7f11d50a3a' inside file 'C:\Program Files\dotnet\sdk\9.0.302\Extensions\Microsoft.TestPlatform.TestHostRuntimeProvider.dll'
TpTrace Information: 0 : 22072, 1, 2025/08/13, 12:15:58.328, 14534490495209, vstest.console.dll, AssemblyResolver.OnResolve: Microsoft.VisualStudio.TestPlatform.Extensions.Html.TestLogger: Resolving assembly.
TpTrace Information: 0 : 22072, 1, 2025/08/13, 12:15:58.328, 14534490495526, vstest.console.dll, AssemblyResolver.OnResolve: Microsoft.VisualStudio.TestPlatform.Extensions.Html.TestLogger: Searching in: 'C:\Program Files\dotnet\sdk\9.0.302\Extensions'.
TpTrace Information: 0 : 22072, 1, 2025/08/13, 12:15:58.329, 14534490502342, vstest.console.dll, AssemblyResolver.OnResolve: Microsoft.VisualStudio.TestPlatform.Extensions.Html.TestLogger: Loading assembly 'C:\Program Files\dotnet\sdk\9.0.302\Extensions\Microsoft.VisualStudio.TestPlatform.Extensions.Html.TestLogger.dll'.
TpTrace Information: 0 : 22072, 1, 2025/08/13, 12:15:58.330, 14534490510933, vstest.console.dll, AssemblyResolver.OnResolve: Resolved assembly: Microsoft.VisualStudio.TestPlatform.Extensions.Html.TestLogger, from path: C:\Program Files\dotnet\sdk\9.0.302\Extensions\Microsoft.VisualStudio.TestPlatform.Extensions.Html.TestLogger.dll
TpTrace Verbose: 0 : 22072, 1, 2025/08/13, 12:15:58.330, 14534490511864, vstest.console.dll, MetadataReaderExtensionsHelper: Discovering extensions inside assembly 'Microsoft.VisualStudio.TestPlatform.Extensions.Html.TestLogger, Version=15.0.0.0, Culture=neutral, PublicKeyToken=b03f5f7f11d50a3a' file path 'C:\Program Files\dotnet\sdk\9.0.302\Extensions\Microsoft.VisualStudio.TestPlatform.Extensions.Html.TestLogger.dll'
TpTrace Information: 0 : 22072, 1, 2025/08/13, 12:15:58.331, 14534490522753, vstest.console.dll, AssemblyResolver.OnResolve: Microsoft.VisualStudio.TestPlatform.Extensions.Trx.TestLogger: Resolving assembly.
TpTrace Information: 0 : 22072, 1, 2025/08/13, 12:15:58.331, 14534490523576, vstest.console.dll, AssemblyResolver.OnResolve: Microsoft.VisualStudio.TestPlatform.Extensions.Trx.TestLogger: Searching in: 'C:\Program Files\dotnet\sdk\9.0.302\Extensions'.
TpTrace Information: 0 : 22072, 1, 2025/08/13, 12:15:58.331, 14534490530389, vstest.console.dll, AssemblyResolver.OnResolve: Microsoft.VisualStudio.TestPlatform.Extensions.Trx.TestLogger: Loading assembly 'C:\Program Files\dotnet\sdk\9.0.302\Extensions\Microsoft.VisualStudio.TestPlatform.Extensions.Trx.TestLogger.dll'.
TpTrace Information: 0 : 22072, 1, 2025/08/13, 12:15:58.332, 14534490538411, vstest.console.dll, AssemblyResolver.OnResolve: Resolved assembly: Microsoft.VisualStudio.TestPlatform.Extensions.Trx.TestLogger, from path: C:\Program Files\dotnet\sdk\9.0.302\Extensions\Microsoft.VisualStudio.TestPlatform.Extensions.Trx.TestLogger.dll
TpTrace Verbose: 0 : 22072, 1, 2025/08/13, 12:15:58.332, 14534490539218, vstest.console.dll, MetadataReaderExtensionsHelper: Discovering extensions inside assembly 'Microsoft.VisualStudio.TestPlatform.Extensions.Trx.TestLogger, Version=15.0.0.0, Culture=neutral, PublicKeyToken=b03f5f7f11d50a3a' file path 'C:\Program Files\dotnet\sdk\9.0.302\Extensions\Microsoft.VisualStudio.TestPlatform.Extensions.Trx.TestLogger.dll'
TpTrace Verbose: 0 : 22072, 1, 2025/08/13, 12:15:58.334, 14534490552302, vstest.console.dll, TestPluginCache: Discovered the extensions using extension path ''.
TpTrace Verbose: 0 : 22072, 1, 2025/08/13, 12:15:58.334, 14534490553067, vstest.console.dll, TestPluginCache: Discoverers are ''.
TpTrace Verbose: 0 : 22072, 1, 2025/08/13, 12:15:58.334, 14534490553241, vstest.console.dll, TestPluginCache: Executors are ''.
TpTrace Verbose: 0 : 22072, 1, 2025/08/13, 12:15:58.334, 14534490553381, vstest.console.dll, TestPluginCache: Executors2 are ''.
TpTrace Verbose: 0 : 22072, 1, 2025/08/13, 12:15:58.334, 14534490553523, vstest.console.dll, TestPluginCache: Setting providers are ''.
TpTrace Verbose: 0 : 22072, 1, 2025/08/13, 12:15:58.334, 14534490553667, vstest.console.dll, TestPluginCache: Loggers are ''.
TpTrace Verbose: 0 : 22072, 1, 2025/08/13, 12:15:58.334, 14534490555040, vstest.console.dll, TestPluginCache: TestHosts are 'HostProvider://DefaultTestHost,HostProvider://DotnetTestHost'.
TpTrace Verbose: 0 : 22072, 1, 2025/08/13, 12:15:58.334, 14534490555328, vstest.console.dll, TestPluginCache: DataCollectors are ''.
TpTrace Information: 0 : 22072, 1, 2025/08/13, 12:15:58.347, 14534490681697, vstest.console.dll, RunTestsArgumentProcessor:Execute: Test run is starting.
TpTrace Verbose: 0 : 22072, 1, 2025/08/13, 12:15:58.347, 14534490682606, vstest.console.dll, RunTestsArgumentProcessor:Execute: Queuing Test run.
TpTrace Information: 0 : 22072, 1, 2025/08/13, 12:15:58.347, 14534490684152, vstest.console.dll, TestRequestManager.RunTests: run tests started.
TpTrace Information: 0 : 22072, 1, 2025/08/13, 12:15:58.348, 14534490692478, vstest.console.dll, AssemblyMetadataProvider.GetFrameworkName: Determined framework:'.NETCoreApp,Version=v8.0' for source: 'D:\DEV\SoftUni_QA_Back-End-Test-Automation\13.ExamPrep-1\IdeaCenterAPITests\IdeaCenterAPITests\IdeaCenterAPITests\bin\Debug\fine-code-coverage-net8.0\IdeaCenterAPITests.dll'
TpTrace Information: 0 : 22072, 1, 2025/08/13, 12:15:58.348, 14534490693765, vstest.console.dll, Determined framework for all sources: .NETCoreApp,Version=v8.0
TpTrace Verbose: 0 : 22072, 1, 2025/08/13, 12:15:58.349, 14534490706635, vstest.console.dll, TestRequestManager.UpdateRunSettingsIfRequired: Default architecture: X64 IsDefaultTargetArchitecture: True, Current process architecture: X64 OperatingSystem: Windows.
TpTrace Information: 0 : 22072, 1, 2025/08/13, 12:15:58.351, 14534490720844, vstest.console.dll, AssemblyMetadataProvider.GetArchitecture: Determined architecture:AnyCPU info for assembly: D:\DEV\SoftUni_QA_Back-End-Test-Automation\13.ExamPrep-1\IdeaCenterAPITests\IdeaCenterAPITests\IdeaCenterAPITests\bin\Debug\fine-code-coverage-net8.0\IdeaCenterAPITests.dll
TpTrace Information: 0 : 22072, 1, 2025/08/13, 12:15:58.351, 14534490721473, vstest.console.dll, Determined platform for source 'D:\DEV\SoftUni_QA_Back-End-Test-Automation\13.ExamPrep-1\IdeaCenterAPITests\IdeaCenterAPITests\IdeaCenterAPITests\bin\Debug\fine-code-coverage-net8.0\IdeaCenterAPITests.dll' was AnyCPU and it will use the default plaform X64.
TpTrace Information: 0 : 22072, 1, 2025/08/13, 12:15:58.351, 14534490721644, vstest.console.dll, None of the sources provided any runnable platform, using the default platform: X64
TpTrace Information: 0 : 22072, 1, 2025/08/13, 12:15:58.351, 14534490722377, vstest.console.dll, Platform was updated to 'X64'.
TpTrace Information: 0 : 22072, 1, 2025/08/13, 12:15:58.353, 14534490745124, vstest.console.dll, InferRunSettingsHelper.IsTestSettingsEnabled: Unable to navigate to RunSettings/MSTest. Current node: RunSettings
TpTrace Information: 0 : 22072, 1, 2025/08/13, 12:15:58.353, 14534490750065, vstest.console.dll, AssemblyResolver.OnResolve: Microsoft.VisualStudio.TestPlatform.Fakes: Resolving assembly.
TpTrace Information: 0 : 22072, 1, 2025/08/13, 12:15:58.353, 14534490750635, vstest.console.dll, AssemblyResolver.OnResolve: Microsoft.VisualStudio.TestPlatform.Fakes: Searching in: 'C:\Program Files\dotnet\sdk\9.0.302\Extensions'.
TpTrace Information: 0 : 22072, 1, 2025/08/13, 12:15:58.354, 14534490751580, vstest.console.dll, AssemblyResolver.OnResolve: Microsoft.VisualStudio.TestPlatform.Fakes: Assembly path does not exist: 'C:\Program Files\dotnet\sdk\9.0.302\Extensions\Microsoft.VisualStudio.TestPlatform.Fakes.dll', returning.
TpTrace Information: 0 : 22072, 1, 2025/08/13, 12:15:58.354, 14534490752012, vstest.console.dll, AssemblyResolver.OnResolve: Microsoft.VisualStudio.TestPlatform.Fakes: Assembly path does not exist: 'C:\Program Files\dotnet\sdk\9.0.302\Extensions\Microsoft.VisualStudio.TestPlatform.Fakes.exe', returning.
TpTrace Information: 0 : 22072, 1, 2025/08/13, 12:15:58.354, 14534490752240, vstest.console.dll, AssemblyResolver.OnResolve: Microsoft.VisualStudio.TestPlatform.Fakes: Searching in: 'C:\Program Files\dotnet\sdk\9.0.302'.
TpTrace Information: 0 : 22072, 1, 2025/08/13, 12:15:58.354, 14534490752648, vstest.console.dll, AssemblyResolver.OnResolve: Microsoft.VisualStudio.TestPlatform.Fakes: Assembly path does not exist: 'C:\Program Files\dotnet\sdk\9.0.302\Microsoft.VisualStudio.TestPlatform.Fakes.dll', returning.
TpTrace Information: 0 : 22072, 1, 2025/08/13, 12:15:58.354, 14534490752986, vstest.console.dll, AssemblyResolver.OnResolve: Microsoft.VisualStudio.TestPlatform.Fakes: Assembly path does not exist: 'C:\Program Files\dotnet\sdk\9.0.302\Microsoft.VisualStudio.TestPlatform.Fakes.exe', returning.
TpTrace Information: 0 : 22072, 1, 2025/08/13, 12:15:58.354, 14534490753215, vstest.console.dll, AssemblyResolver.OnResolve: Microsoft.VisualStudio.TestPlatform.Fakes: Failed to load assembly.
TpTrace Information: 0 : 22072, 1, 2025/08/13, 12:15:58.354, 14534490755350, vstest.console.dll, Failed to load assembly Microsoft.VisualStudio.TestPlatform.Fakes, Version=17.0.0.0, Culture=neutral. Reason:System.IO.FileNotFoundException: Could not load file or assembly 'Microsoft.VisualStudio.TestPlatform.Fakes, Version=17.0.0.0, Culture=neutral, PublicKeyToken=null'. The system cannot find the file specified.
File name: 'Microsoft.VisualStudio.TestPlatform.Fakes, Version=17.0.0.0, Culture=neutral, PublicKeyToken=null'
   at System.Reflection.RuntimeAssembly.InternalLoad(AssemblyName assemblyName, StackCrawlMark& stackMark, AssemblyLoadContext assemblyLoadContext, RuntimeAssembly requestingAssembly, Boolean throwOnFileNotFound)
   at System.Reflection.Assembly.Load(AssemblyName assemblyRef)
   at Microsoft.VisualStudio.TestPlatform.Common.Utilities.FakesUtilities.LoadTestPlatformAssembly() in /_/src/Microsoft.TestPlatform.Common/Utilities/FakesUtilities.cs:line 273
TpTrace Verbose: 0 : 22072, 1, 2025/08/13, 12:15:58.357, 14534490781588, vstest.console.dll, TestPluginCache.DiscoverTestExtensions: finding test extensions in assemblies ends with: TestLogger.dll TPluginInfo: Microsoft.VisualStudio.TestPlatform.Common.ExtensionFramework.Utilities.TestLoggerPluginInformation TExtension: Microsoft.VisualStudio.TestPlatform.ObjectModel.Client.ITestLogger
TpTrace Verbose: 0 : 22072, 1, 2025/08/13, 12:15:58.357, 14534490782545, vstest.console.dll, TestPluginCache.GetExtensionPaths: Filtered extension paths: 
TpTrace Verbose: 0 : 22072, 1, 2025/08/13, 12:15:58.357, 14534490782764, vstest.console.dll, TestPluginCache.GetExtensionPaths: Added default extension paths: C:\Program Files\dotnet\sdk\9.0.302\Extensions\Microsoft.Diagnostics.NETCore.Client.dll
C:\Program Files\dotnet\sdk\9.0.302\Extensions\Microsoft.TestPlatform.Extensions.BlameDataCollector.dll
C:\Program Files\dotnet\sdk\9.0.302\Extensions\Microsoft.TestPlatform.Extensions.EventLogCollector.dll
C:\Program Files\dotnet\sdk\9.0.302\Extensions\Microsoft.TestPlatform.TestHostRuntimeProvider.dll
C:\Program Files\dotnet\sdk\9.0.302\Extensions\Microsoft.VisualStudio.TestPlatform.Extensions.Html.TestLogger.dll
C:\Program Files\dotnet\sdk\9.0.302\Extensions\Microsoft.VisualStudio.TestPlatform.Extensions.Trx.TestLogger.dll
TpTrace Verbose: 0 : 22072, 1, 2025/08/13, 12:15:58.357, 14534490783434, vstest.console.dll, TestPluginCache.GetExtensionPaths: Added unfilterableExtensionPaths: 
TpTrace Information: 0 : 22072, 1, 2025/08/13, 12:15:58.357, 14534490784628, vstest.console.dll, AssemblyResolver.AddSearchDirectories: Adding more searchDirectories C:\Program Files\dotnet\sdk\9.0.302\Extensions,C:\Program Files\dotnet\sdk\9.0.302
TpTrace Verbose: 0 : 22072, 1, 2025/08/13, 12:15:58.357, 14534490784921, vstest.console.dll, TestPluginCache.DiscoverTestExtensions: Discovering the extensions using extension path.
TpTrace Verbose: 0 : 22072, 1, 2025/08/13, 12:15:58.357, 14534490785152, vstest.console.dll, TestPluginCache.GetExtensionPaths: Filtered extension paths: 
TpTrace Verbose: 0 : 22072, 1, 2025/08/13, 12:15:58.357, 14534490785323, vstest.console.dll, TestPluginCache.GetExtensionPaths: Added default extension paths: C:\Program Files\dotnet\sdk\9.0.302\Extensions\Microsoft.Diagnostics.NETCore.Client.dll
C:\Program Files\dotnet\sdk\9.0.302\Extensions\Microsoft.TestPlatform.Extensions.BlameDataCollector.dll
C:\Program Files\dotnet\sdk\9.0.302\Extensions\Microsoft.TestPlatform.Extensions.EventLogCollector.dll
C:\Program Files\dotnet\sdk\9.0.302\Extensions\Microsoft.TestPlatform.TestHostRuntimeProvider.dll
C:\Program Files\dotnet\sdk\9.0.302\Extensions\Microsoft.VisualStudio.TestPlatform.Extensions.Html.TestLogger.dll
C:\Program Files\dotnet\sdk\9.0.302\Extensions\Microsoft.VisualStudio.TestPlatform.Extensions.Trx.TestLogger.dll
TpTrace Verbose: 0 : 22072, 1, 2025/08/13, 12:15:58.357, 14534490785476, vstest.console.dll, TestPluginCache.GetExtensionPaths: Added unfilterableExtensionPaths: 
TpTrace Verbose: 0 : 22072, 1, 2025/08/13, 12:15:58.357, 14534490785647, vstest.console.dll, TestPluginCache.DiscoverTestExtensions: Discovering the extensions using allExtensionPaths: C:\Program Files\dotnet\sdk\9.0.302\Extensions\Microsoft.Diagnostics.NETCore.Client.dll
C:\Program Files\dotnet\sdk\9.0.302\Extensions\Microsoft.TestPlatform.Extensions.BlameDataCollector.dll
C:\Program Files\dotnet\sdk\9.0.302\Extensions\Microsoft.TestPlatform.Extensions.EventLogCollector.dll
C:\Program Files\dotnet\sdk\9.0.302\Extensions\Microsoft.TestPlatform.TestHostRuntimeProvider.dll
C:\Program Files\dotnet\sdk\9.0.302\Extensions\Microsoft.VisualStudio.TestPlatform.Extensions.Html.TestLogger.dll
C:\Program Files\dotnet\sdk\9.0.302\Extensions\Microsoft.VisualStudio.TestPlatform.Extensions.Trx.TestLogger.dll
TpTrace Information: 0 : 22072, 1, 2025/08/13, 12:15:58.357, 14534490785896, vstest.console.dll, AssemblyResolver.AddSearchDirectories: Adding more searchDirectories C:\Program Files\dotnet\sdk\9.0.302\Extensions,C:\Program Files\dotnet\sdk\9.0.302
TpTrace Information: 0 : 22072, 1, 2025/08/13, 12:15:58.357, 14534490786072, vstest.console.dll, AssemblyResolver.AddSearchDirectories: Adding more searchDirectories C:\Program Files\dotnet\sdk\9.0.302\Extensions,C:\Program Files\dotnet\sdk\9.0.302
TpTrace Information: 0 : 22072, 1, 2025/08/13, 12:15:58.357, 14534490786223, vstest.console.dll, AssemblyResolver.AddSearchDirectories: Adding more searchDirectories C:\Program Files\dotnet\sdk\9.0.302\Extensions,C:\Program Files\dotnet\sdk\9.0.302
TpTrace Information: 0 : 22072, 1, 2025/08/13, 12:15:58.357, 14534490786370, vstest.console.dll, AssemblyResolver.AddSearchDirectories: Adding more searchDirectories C:\Program Files\dotnet\sdk\9.0.302\Extensions,C:\Program Files\dotnet\sdk\9.0.302
TpTrace Information: 0 : 22072, 1, 2025/08/13, 12:15:58.357, 14534490786527, vstest.console.dll, AssemblyResolver.AddSearchDirectories: Adding more searchDirectories C:\Program Files\dotnet\sdk\9.0.302\Extensions,C:\Program Files\dotnet\sdk\9.0.302
TpTrace Information: 0 : 22072, 1, 2025/08/13, 12:15:58.357, 14534490786676, vstest.console.dll, AssemblyResolver.AddSearchDirectories: Adding more searchDirectories C:\Program Files\dotnet\sdk\9.0.302\Extensions,C:\Program Files\dotnet\sdk\9.0.302
TpTrace Verbose: 0 : 22072, 1, 2025/08/13, 12:15:58.357, 14534490787367, vstest.console.dll, MetadataReaderExtensionsHelper: Discovering extensions inside assembly 'Microsoft.Diagnostics.NETCore.Client, Version=0.2.12.17301, Culture=neutral, PublicKeyToken=31bf3856ad364e35' file path 'C:\Program Files\dotnet\sdk\9.0.302\Extensions\Microsoft.Diagnostics.NETCore.Client.dll'
TpTrace Information: 0 : 22072, 1, 2025/08/13, 12:15:58.358, 14534490797429, vstest.console.dll, AssemblyResolver.OnResolve: Microsoft.Bcl.AsyncInterfaces: Resolving assembly.
TpTrace Information: 0 : 22072, 1, 2025/08/13, 12:15:58.358, 14534490797997, vstest.console.dll, AssemblyResolver.OnResolve: Microsoft.Bcl.AsyncInterfaces: Resolved from cache.
TpTrace Verbose: 0 : 22072, 1, 2025/08/13, 12:15:58.358, 14534490798166, vstest.console.dll, CurrentDomainAssemblyResolve: Resolving assembly 'Microsoft.Bcl.AsyncInterfaces'.
TpTrace Information: 0 : 22072, 1, 2025/08/13, 12:15:58.358, 14534490798435, vstest.console.dll, AssemblyResolver.OnResolve: Microsoft.Bcl.AsyncInterfaces: Resolving assembly.
TpTrace Information: 0 : 22072, 1, 2025/08/13, 12:15:58.358, 14534490798587, vstest.console.dll, AssemblyResolver.OnResolve: Microsoft.Bcl.AsyncInterfaces: Resolved from cache.
TpTrace Verbose: 0 : 22072, 1, 2025/08/13, 12:15:58.358, 14534490798724, vstest.console.dll, CurrentDomainAssemblyResolve: Resolving assembly 'Microsoft.Bcl.AsyncInterfaces'.
TpTrace Verbose: 0 : 22072, 1, 2025/08/13, 12:15:58.358, 14534490798858, vstest.console.dll, CurrentDomainAssemblyResolve: Failed to resolve assembly 'Microsoft.Bcl.AsyncInterfaces'.
TpTrace Verbose: 0 : 22072, 1, 2025/08/13, 12:15:58.358, 14534490799845, vstest.console.dll, CurrentDomainAssemblyResolve: Failed to resolve assembly 'Microsoft.Bcl.AsyncInterfaces'.
TpTrace Information: 0 : 22072, 1, 2025/08/13, 12:15:58.359, 14534490800918, vstest.console.dll, AssemblyResolver.OnResolve: Microsoft.Bcl.AsyncInterfaces: Resolving assembly.
TpTrace Information: 0 : 22072, 1, 2025/08/13, 12:15:58.359, 14534490801103, vstest.console.dll, AssemblyResolver.OnResolve: Microsoft.Bcl.AsyncInterfaces: Resolved from cache.
TpTrace Verbose: 0 : 22072, 1, 2025/08/13, 12:15:58.359, 14534490801293, vstest.console.dll, CurrentDomainAssemblyResolve: Resolving assembly 'Microsoft.Bcl.AsyncInterfaces'.
TpTrace Verbose: 0 : 22072, 1, 2025/08/13, 12:15:58.359, 14534490801428, vstest.console.dll, CurrentDomainAssemblyResolve: Failed to resolve assembly 'Microsoft.Bcl.AsyncInterfaces'.
TpTrace Warning: 0 : 22072, 1, 2025/08/13, 12:15:58.359, 14534490803437, vstest.console.dll, TestPluginDiscoverer: Failed to get types from assembly 'Microsoft.Diagnostics.NETCore.Client, Version=0.2.12.17301, Culture=neutral, PublicKeyToken=31bf3856ad364e35'. Error: System.Reflection.ReflectionTypeLoadException: Unable to load one or more of the requested types.
Could not load file or assembly 'Microsoft.Bcl.AsyncInterfaces, Version=6.0.0.0, Culture=neutral, PublicKeyToken=cc7b13ffcd2ddd51'. The system cannot find the file specified.
Could not load file or assembly 'Microsoft.Bcl.AsyncInterfaces, Version=6.0.0.0, Culture=neutral, PublicKeyToken=cc7b13ffcd2ddd51'. The system cannot find the file specified.
   at System.Reflection.RuntimeModule.GetDefinedTypes()
   at System.Reflection.RuntimeModule.GetTypes()
   at Microsoft.VisualStudio.TestPlatform.Common.ExtensionFramework.TestPluginDiscoverer.GetTestExtensionsFromAssembly[TPluginInfo,TExtension](Assembly assembly, Dictionary`2 pluginInfos, String filePath) in /_/src/Microsoft.TestPlatform.Common/ExtensionFramework/TestPluginDiscoverer.cs:line 159
System.IO.FileNotFoundException: Could not load file or assembly 'Microsoft.Bcl.AsyncInterfaces, Version=6.0.0.0, Culture=neutral, PublicKeyToken=cc7b13ffcd2ddd51'. The system cannot find the file specified.
File name: 'Microsoft.Bcl.AsyncInterfaces, Version=6.0.0.0, Culture=neutral, PublicKeyToken=cc7b13ffcd2ddd51'
 ---> System.IO.FileNotFoundException: Could not load file or assembly 'Microsoft.Bcl.AsyncInterfaces, Culture=neutral, PublicKeyToken=null'. The system cannot find the file specified.
File name: 'Microsoft.Bcl.AsyncInterfaces, Culture=neutral, PublicKeyToken=null'
   at System.Reflection.RuntimeAssembly.InternalLoad(AssemblyName assemblyName, StackCrawlMark& stackMark, AssemblyLoadContext assemblyLoadContext, RuntimeAssembly requestingAssembly, Boolean throwOnFileNotFound)
   at System.Reflection.Assembly.Load(AssemblyName assemblyRef)
   at Microsoft.VisualStudio.TestPlatform.Common.ExtensionFramework.TestPluginCache.CurrentDomainAssemblyResolve(Object sender, AssemblyResolveEventArgs args) in /_/src/Microsoft.TestPlatform.Common/ExtensionFramework/TestPluginCache.cs:line 514
   at System.Runtime.Loader.AssemblyLoadContext.GetFirstResolvedAssemblyFromResolvingEvent(AssemblyName assemblyName)
   at System.Runtime.Loader.AssemblyLoadContext.ResolveUsingEvent(AssemblyName assemblyName)
   at System.Runtime.Loader.AssemblyLoadContext.ResolveUsingResolvingEvent(IntPtr gchManagedAssemblyLoadContext, AssemblyName assemblyName)
System.IO.FileNotFoundException: Could not load file or assembly 'Microsoft.Bcl.AsyncInterfaces, Version=6.0.0.0, Culture=neutral, PublicKeyToken=cc7b13ffcd2ddd51'. The system cannot find the file specified.
File name: 'Microsoft.Bcl.AsyncInterfaces, Version=6.0.0.0, Culture=neutral, PublicKeyToken=cc7b13ffcd2ddd51'
TpTrace Warning: 0 : 22072, 1, 2025/08/13, 12:15:58.359, 14534490804688, vstest.console.dll, LoaderExceptions: System.IO.FileNotFoundException: Could not load file or assembly 'Microsoft.Bcl.AsyncInterfaces, Version=6.0.0.0, Culture=neutral, PublicKeyToken=cc7b13ffcd2ddd51'. The system cannot find the file specified.
File name: 'Microsoft.Bcl.AsyncInterfaces, Version=6.0.0.0, Culture=neutral, PublicKeyToken=cc7b13ffcd2ddd51'
 ---> System.IO.FileNotFoundException: Could not load file or assembly 'Microsoft.Bcl.AsyncInterfaces, Culture=neutral, PublicKeyToken=null'. The system cannot find the file specified.
File name: 'Microsoft.Bcl.AsyncInterfaces, Culture=neutral, PublicKeyToken=null'
   at System.Reflection.RuntimeAssembly.InternalLoad(AssemblyName assemblyName, StackCrawlMark& stackMark, AssemblyLoadContext assemblyLoadContext, RuntimeAssembly requestingAssembly, Boolean throwOnFileNotFound)
   at System.Reflection.Assembly.Load(AssemblyName assemblyRef)
   at Microsoft.VisualStudio.TestPlatform.Common.ExtensionFramework.TestPluginCache.CurrentDomainAssemblyResolve(Object sender, AssemblyResolveEventArgs args) in /_/src/Microsoft.TestPlatform.Common/ExtensionFramework/TestPluginCache.cs:line 514
   at System.Runtime.Loader.AssemblyLoadContext.GetFirstResolvedAssemblyFromResolvingEvent(AssemblyName assemblyName)
   at System.Runtime.Loader.AssemblyLoadContext.ResolveUsingEvent(AssemblyName assemblyName)
   at System.Runtime.Loader.AssemblyLoadContext.ResolveUsingResolvingEvent(IntPtr gchManagedAssemblyLoadContext, AssemblyName assemblyName)
TpTrace Warning: 0 : 22072, 1, 2025/08/13, 12:15:58.359, 14534490805084, vstest.console.dll, LoaderExceptions: System.IO.FileNotFoundException: Could not load file or assembly 'Microsoft.Bcl.AsyncInterfaces, Version=6.0.0.0, Culture=neutral, PublicKeyToken=cc7b13ffcd2ddd51'. The system cannot find the file specified.
File name: 'Microsoft.Bcl.AsyncInterfaces, Version=6.0.0.0, Culture=neutral, PublicKeyToken=cc7b13ffcd2ddd51'
TpTrace Verbose: 0 : 22072, 1, 2025/08/13, 12:15:58.359, 14534490805450, vstest.console.dll, MetadataReaderExtensionsHelper: Discovering extensions inside assembly 'Microsoft.TestPlatform.Extensions.BlameDataCollector, Version=15.0.0.0, Culture=neutral, PublicKeyToken=b03f5f7f11d50a3a' file path 'C:\Program Files\dotnet\sdk\9.0.302\Extensions\Microsoft.TestPlatform.Extensions.BlameDataCollector.dll'
TpTrace Information: 0 : 22072, 1, 2025/08/13, 12:15:58.360, 14534490812211, vstest.console.dll, GetTestExtensionFromType: Register extension with identifier data 'logger://Microsoft/TestPlatform/Extensions/Blame/v1' and type 'Microsoft.TestPlatform.Extensions.BlameDataCollector.BlameLogger, Microsoft.TestPlatform.Extensions.BlameDataCollector, Version=15.0.0.0, Culture=neutral, PublicKeyToken=b03f5f7f11d50a3a' inside file 'C:\Program Files\dotnet\sdk\9.0.302\Extensions\Microsoft.TestPlatform.Extensions.BlameDataCollector.dll'
TpTrace Verbose: 0 : 22072, 1, 2025/08/13, 12:15:58.360, 14534490812763, vstest.console.dll, MetadataReaderExtensionsHelper: Discovering extensions inside assembly 'Microsoft.TestPlatform.Extensions.EventLogCollector, Version=15.0.0.0, Culture=neutral, PublicKeyToken=b03f5f7f11d50a3a' file path 'C:\Program Files\dotnet\sdk\9.0.302\Extensions\Microsoft.TestPlatform.Extensions.EventLogCollector.dll'
TpTrace Verbose: 0 : 22072, 1, 2025/08/13, 12:15:58.361, 14534490820699, vstest.console.dll, MetadataReaderExtensionsHelper: Discovering extensions inside assembly 'Microsoft.TestPlatform.TestHostRuntimeProvider, Version=15.0.0.0, Culture=neutral, PublicKeyToken=b03f5f7f11d50a3a' file path 'C:\Program Files\dotnet\sdk\9.0.302\Extensions\Microsoft.TestPlatform.TestHostRuntimeProvider.dll'
TpTrace Verbose: 0 : 22072, 1, 2025/08/13, 12:15:58.361, 14534490826831, vstest.console.dll, MetadataReaderExtensionsHelper: Discovering extensions inside assembly 'Microsoft.VisualStudio.TestPlatform.Extensions.Html.TestLogger, Version=15.0.0.0, Culture=neutral, PublicKeyToken=b03f5f7f11d50a3a' file path 'C:\Program Files\dotnet\sdk\9.0.302\Extensions\Microsoft.VisualStudio.TestPlatform.Extensions.Html.TestLogger.dll'
TpTrace Information: 0 : 22072, 1, 2025/08/13, 12:15:58.362, 14534490835084, vstest.console.dll, GetTestExtensionFromType: Register extension with identifier data 'logger://Microsoft/TestPlatform/HtmlLogger/v1' and type 'Microsoft.VisualStudio.TestPlatform.Extensions.HtmlLogger.HtmlLogger, Microsoft.VisualStudio.TestPlatform.Extensions.Html.TestLogger, Version=15.0.0.0, Culture=neutral, PublicKeyToken=b03f5f7f11d50a3a' inside file 'C:\Program Files\dotnet\sdk\9.0.302\Extensions\Microsoft.VisualStudio.TestPlatform.Extensions.Html.TestLogger.dll'
TpTrace Verbose: 0 : 22072, 1, 2025/08/13, 12:15:58.362, 14534490835742, vstest.console.dll, MetadataReaderExtensionsHelper: Discovering extensions inside assembly 'Microsoft.VisualStudio.TestPlatform.Extensions.Trx.TestLogger, Version=15.0.0.0, Culture=neutral, PublicKeyToken=b03f5f7f11d50a3a' file path 'C:\Program Files\dotnet\sdk\9.0.302\Extensions\Microsoft.VisualStudio.TestPlatform.Extensions.Trx.TestLogger.dll'
TpTrace Information: 0 : 22072, 1, 2025/08/13, 12:15:58.363, 14534490841879, vstest.console.dll, GetTestExtensionFromType: Register extension with identifier data 'logger://Microsoft/TestPlatform/TrxLogger/v1' and type 'Microsoft.VisualStudio.TestPlatform.Extensions.TrxLogger.TrxLogger, Microsoft.VisualStudio.TestPlatform.Extensions.Trx.TestLogger, Version=15.0.0.0, Culture=neutral, PublicKeyToken=b03f5f7f11d50a3a' inside file 'C:\Program Files\dotnet\sdk\9.0.302\Extensions\Microsoft.VisualStudio.TestPlatform.Extensions.Trx.TestLogger.dll'
TpTrace Verbose: 0 : 22072, 1, 2025/08/13, 12:15:58.363, 14534490842564, vstest.console.dll, TestPluginCache: Discovered the extensions using extension path ''.
TpTrace Verbose: 0 : 22072, 1, 2025/08/13, 12:15:58.363, 14534490842773, vstest.console.dll, TestPluginCache: Discoverers are ''.
TpTrace Verbose: 0 : 22072, 1, 2025/08/13, 12:15:58.363, 14534490842952, vstest.console.dll, TestPluginCache: Executors are ''.
TpTrace Verbose: 0 : 22072, 1, 2025/08/13, 12:15:58.363, 14534490843122, vstest.console.dll, TestPluginCache: Executors2 are ''.
TpTrace Verbose: 0 : 22072, 1, 2025/08/13, 12:15:58.363, 14534490843290, vstest.console.dll, TestPluginCache: Setting providers are ''.
TpTrace Verbose: 0 : 22072, 1, 2025/08/13, 12:15:58.363, 14534490843942, vstest.console.dll, TestPluginCache: Loggers are 'logger://Microsoft/TestPlatform/Extensions/Blame/v1,logger://Microsoft/TestPlatform/HtmlLogger/v1,logger://Microsoft/TestPlatform/TrxLogger/v1'.
TpTrace Verbose: 0 : 22072, 1, 2025/08/13, 12:15:58.363, 14534490844292, vstest.console.dll, TestPluginCache: TestHosts are 'HostProvider://DefaultTestHost,HostProvider://DotnetTestHost'.
TpTrace Verbose: 0 : 22072, 1, 2025/08/13, 12:15:58.363, 14534490844483, vstest.console.dll, TestPluginCache: DataCollectors are ''.
TpTrace Information: 0 : 22072, 1, 2025/08/13, 12:15:58.364, 14534490853043, vstest.console.dll, TestPluginManager.CreateTestExtension: Attempting to load test extension: Microsoft.TestPlatform.Extensions.BlameDataCollector.BlameLogger
TpTrace Verbose: 0 : 22072, 1, 2025/08/13, 12:15:58.374, 14534490951518, vstest.console.dll, TestEngine: Initializing Parallel Execution as MaxCpuCount is set to: 1
TpTrace Information: 0 : 22072, 1, 2025/08/13, 12:15:58.375, 14534490965472, vstest.console.dll, TestPluginManager.CreateTestExtension: Attempting to load test extension: Microsoft.VisualStudio.TestPlatform.CrossPlatEngine.Hosting.DefaultTestHostManager
TpTrace Information: 0 : 22072, 1, 2025/08/13, 12:15:58.377, 14534490983293, vstest.console.dll, TestPluginManager.CreateTestExtension: Attempting to load test extension: Microsoft.VisualStudio.TestPlatform.CrossPlatEngine.Hosting.DotnetTestHostManager
TpTrace Verbose: 0 : 22072, 1, 2025/08/13, 12:15:58.377, 14534490985606, vstest.console.dll, TestHostManagerCallbacks.ctor: Forwarding output is enabled.
TpTrace Information: 0 : 22072, 1, 2025/08/13, 12:15:58.377, 14534490988867, vstest.console.dll, InferRunSettingsHelper.IsTestSettingsEnabled: Unable to navigate to RunSettings/MSTest. Current node: RunSettings
TpTrace Verbose: 0 : 22072, 1, 2025/08/13, 12:15:58.378, 14534490993446, vstest.console.dll, ParallelOperationManager.ClearSlots: Clearing all slots. Slots should accept more work: True
TpTrace Verbose: 0 : 22072, 1, 2025/08/13, 12:15:58.378, 14534490997568, vstest.console.dll, ParallelOperationManager.SetOccupiedSlotCount: Setting slot counts AvailableSlotCount = 1, OccupiedSlotCount = 0.
TpTrace Verbose: 0 : 22072, 1, 2025/08/13, 12:15:58.378, 14534491000187, vstest.console.dll, Occupied slots:

TpTrace Verbose: 0 : 22072, 1, 2025/08/13, 12:15:58.381, 14534491026297, vstest.console.dll, TestEngine.GetExecutionManager: Chosen execution manager 'Microsoft.VisualStudio.TestPlatform.CrossPlatEngine.Client.Parallel.ParallelProxyExecutionManager, Microsoft.TestPlatform.CrossPlatEngine, Version=15.0.0.0, Culture=neutral, PublicKeyToken=b03f5f7f11d50a3a' ParallelLevel '1'.
TpTrace Verbose: 0 : 22072, 1, 2025/08/13, 12:15:58.381, 14534491028444, vstest.console.dll, TestPlatform.GetSkipDefaultAdapters: Not skipping default adapters SkipDefaultAdapters was false.
TpTrace Verbose: 0 : 22072, 1, 2025/08/13, 12:15:58.381, 14534491029230, vstest.console.dll, TestRunRequest.ExecuteAsync: Creating test run request.
TpTrace Verbose: 0 : 22072, 1, 2025/08/13, 12:15:58.382, 14534491031455, vstest.console.dll, TestRunRequest.ExecuteAsync: Starting.
TpTrace Information: 0 : 22072, 1, 2025/08/13, 12:15:58.382, 14534491039636, vstest.console.dll, TestRunRequest.ExecuteAsync: Starting run with settings:TestRunCriteria:
   KeepAlive=False,FrequencyOfRunStatsChangeEvent=10,RunStatsChangeEventTimeout=00:00:01.5000000,TestCaseFilter=,TestExecutorLauncher=
   Settingsxml=<RunSettings>
  <RunConfiguration>
    <ResultsDirectory>D:\DEV\SoftUni_QA_Back-End-Test-Automation\13.ExamPrep-1\IdeaCenterAPITests\IdeaCenterAPITests\IdeaCenterAPITests\bin\Debug\net8.0\fine-code-coverage\coverage-tool-output</ResultsDirectory>
    <TargetPlatform>X64</TargetPlatform>
    <TargetFrameworkVersion>.NETCoreApp,Version=v8.0</TargetFrameworkVersion>
    <DesignMode>False</DesignMode>
    <CollectSourceInformation>False</CollectSourceInformation>
  </RunConfiguration>
  <LoggerRunSettings>
    <Loggers>
      <Logger friendlyName="blame" enabled="True" />
      <Logger friendlyName="Console" uri="logger://microsoft/TestPlatform/ConsoleLogger/v1" assemblyQualifiedName="Microsoft.VisualStudio.TestPlatform.CommandLine.Internal.ConsoleLogger, vstest.console, Version=15.0.0.0, Culture=neutral, PublicKeyToken=b03f5f7f11d50a3a" codeBase="C:\Program Files\dotnet\sdk\9.0.302\vstest.console.dll" enabled="True" />
    </Loggers>
  </LoggerRunSettings>
  <DataCollectionRunSettings>
    <DataCollectors>
      <DataCollector friendlyName="blame" enabled="True">
        <Configuration>
          <ResultsDirectory>D:\DEV\SoftUni_QA_Back-End-Test-Automation\13.ExamPrep-1\IdeaCenterAPITests\IdeaCenterAPITests\IdeaCenterAPITests\bin\Debug\net8.0\fine-code-coverage\coverage-tool-output</ResultsDirectory>
        </Configuration>
      </DataCollector>
    </DataCollectors>
  </DataCollectionRunSettings>
</RunSettings>

TpTrace Verbose: 0 : 22072, 1, 2025/08/13, 12:15:58.382, 14534491040143, vstest.console.dll, TestRunRequest.ExecuteAsync: Wait for the first run request is over.
TpTrace Verbose: 0 : 22072, 1, 2025/08/13, 12:15:58.383, 14534491042416, vstest.console.dll, MulticastDelegateUtilities.SafeInvoke: TestRun.TestRunStart: Invoking callbacks was skipped because there are no subscribers.
TpTrace Verbose: 0 : 22072, 4, 2025/08/13, 12:15:58.383, 14534491045549, vstest.console.dll, MulticastDelegateUtilities.SafeInvoke: InternalTestLoggerEvents.SendTestRunStart: Invoking callback 1/1 for Microsoft.VisualStudio.TestPlatform.CommandLine.Internal.ConsoleLogger., took 0 ms.
TpTrace Verbose: 0 : 22072, 1, 2025/08/13, 12:15:58.384, 14534491051575, vstest.console.dll, ParallelProxyExecutionManager: Start execution. Total sources: 1
TpTrace Verbose: 0 : 22072, 1, 2025/08/13, 12:15:58.384, 14534491055006, vstest.console.dll, ParallelOperationManager.StartWork: Starting adding 1 workloads.
TpTrace Verbose: 0 : 22072, 1, 2025/08/13, 12:15:58.384, 14534491055576, vstest.console.dll, ParallelOperationManager.ClearSlots: Clearing all slots. Slots should accept more work: True
TpTrace Verbose: 0 : 22072, 1, 2025/08/13, 12:15:58.384, 14534491056214, vstest.console.dll, ParallelOperationManager.SetOccupiedSlotCount: Setting slot counts AvailableSlotCount = 1, OccupiedSlotCount = 0.
TpTrace Verbose: 0 : 22072, 1, 2025/08/13, 12:15:58.384, 14534491056514, vstest.console.dll, Occupied slots:

TpTrace Verbose: 0 : 22072, 1, 2025/08/13, 12:15:58.385, 14534491065196, vstest.console.dll, TestHostManagerCallbacks.ctor: Forwarding output is enabled.
TpTrace Verbose: 0 : 22072, 1, 2025/08/13, 12:15:58.385, 14534491067377, vstest.console.dll, TestRequestSender is acting as server.
TpTrace Verbose: 0 : 22072, 1, 2025/08/13, 12:15:58.386, 14534491075604, vstest.console.dll, ParallelOperationManager.RunWorkInParallel: Adding 1 workload to slot, remaining workloads 0.
TpTrace Verbose: 0 : 22072, 1, 2025/08/13, 12:15:58.386, 14534491076016, vstest.console.dll, ParallelOperationManager.SetOccupiedSlotCount: Setting slot counts AvailableSlotCount = 0, OccupiedSlotCount = 1.
TpTrace Verbose: 0 : 22072, 1, 2025/08/13, 12:15:58.386, 14534491076779, vstest.console.dll, Occupied slots:
0: D:\DEV\SoftUni_QA_Back-End-Test-Automation\13.ExamPrep-1\IdeaCenterAPITests\IdeaCenterAPITests\IdeaCenterAPITests\bin\Debug\fine-code-coverage-net8.0\IdeaCenterAPITests.dll
TpTrace Verbose: 0 : 22072, 1, 2025/08/13, 12:15:58.387, 14534491085969, vstest.console.dll, ParallelOperationManager.RunWorkInParallel: Started host in slot number 0 for work (source): D:\DEV\SoftUni_QA_Back-End-Test-Automation\13.ExamPrep-1\IdeaCenterAPITests\IdeaCenterAPITests\IdeaCenterAPITests\bin\Debug\fine-code-coverage-net8.0\IdeaCenterAPITests.dll.
TpTrace Verbose: 0 : 22072, 5, 2025/08/13, 12:15:58.388, 14534491094764, vstest.console.dll, ParallelProxyExecutionManager.StartTestRunOnConcurrentManager: Initializing uninitialized client. Started clients: 0
TpTrace Verbose: 0 : 22072, 5, 2025/08/13, 12:15:58.388, 14534491095923, vstest.console.dll, DataCollectionRequestSender.InitializeCommunication : Initialize communication. 
TpTrace Verbose: 0 : 22072, 1, 2025/08/13, 12:15:58.388, 14534491096188, vstest.console.dll, ParallelOperationManager.RunWorkInParallel: We started 1 work items, which is the max parallel level. Won't start more work.
TpTrace Verbose: 0 : 22072, 1, 2025/08/13, 12:15:58.388, 14534491096785, vstest.console.dll, ParallelOperationManager.RunWorkInParallel: We started 1 work items in here, returning True.
TpTrace Information: 0 : 22072, 1, 2025/08/13, 12:15:58.388, 14534491097049, vstest.console.dll, TestRunRequest.ExecuteAsync: Started.
TpTrace Verbose: 0 : 22072, 1, 2025/08/13, 12:15:58.389, 14534491101155, vstest.console.dll, TestRunRequest.WaitForCompletion: Waiting with timeout -1.
TpTrace Information: 0 : 22072, 5, 2025/08/13, 12:15:58.396, 14534491178868, vstest.console.dll, Listening on Endpoint : 127.0.0.1:55955
TpTrace Verbose: 0 : 22072, 5, 2025/08/13, 12:15:58.403, 14534491243958, vstest.console.dll, DotnetDataCollectionLauncher: Adding  --runtimeconfig "C:\Program Files\dotnet\sdk\9.0.302\datacollector.runtimeconfig.json" in args
TpTrace Verbose: 0 : 22072, 5, 2025/08/13, 12:15:58.403, 14534491245092, vstest.console.dll, DotnetDataCollectionLauncher: Adding  --depsfile "C:\Program Files\dotnet\sdk\9.0.302\datacollector.deps.json" in args
TpTrace Verbose: 0 : 22072, 5, 2025/08/13, 12:15:58.403, 14534491246478, vstest.console.dll, DotnetDataCollectionLauncher: Full path of dotnet.exe is C:\Program Files\dotnet\dotnet.exe
TpTrace Information: 0 : 22072, 5, 2025/08/13, 12:15:58.414, 14534491360012, vstest.console.dll, ProxyDataCollectionManager.Initialize: Launched datacollector processId: 37976 port: 55955
TpTrace Information: 0 : 22072, 5, 2025/08/13, 12:15:58.415, 14534491361775, vstest.console.dll, ProxyDataCollectionManager.Initialize: waiting for connection with timeout: 90 seconds
TpTrace Verbose: 0 : 22072, 5, 2025/08/13, 12:15:58.415, 14534491362326, vstest.console.dll, DataCollectionRequestSender.WaitForRequestHandlerConnection : Waiting for connection with timeout: 90000
TpTrace Information: 0 : 22072, 9, 2025/08/13, 12:15:58.560, 14534492820687, vstest.console.dll, Using the buffer size of 16384 bytes
TpTrace Verbose: 0 : 22072, 5, 2025/08/13, 12:15:58.561, 14534492820933, vstest.console.dll, SocketCommunicationManager.WaitForClientConnection took: 145 ms, with 90000 ms timeout, and finished with True.
TpTrace Information: 0 : 22072, 9, 2025/08/13, 12:15:58.561, 14534492821754, vstest.console.dll, Accepted Client request and set the flag
TpTrace Verbose: 0 : 22072, 5, 2025/08/13, 12:15:58.561, 14534492823142, vstest.console.dll, ProxyDataCollectionManager.InvokeDataCollectionServiceAction: Starting.
TpTrace Information: 0 : 22072, 5, 2025/08/13, 12:15:58.561, 14534492823842, vstest.console.dll, ProxyDataCollectionManager.BeforeTestRunStart: Get environment variable and port for datacollector processId: 37976 port: 55955
TpTrace Verbose: 0 : 22072, 5, 2025/08/13, 12:15:58.561, 14534492824865, vstest.console.dll, DataCollectionRequestSender.SendBeforeTestRunStartAndGetResult: Send BeforeTestRunStart message with settingsXml <RunSettings><RunConfiguration><ResultsDirectory>D:\DEV\SoftUni_QA_Back-End-Test-Automation\13.ExamPrep-1\IdeaCenterAPITests\IdeaCenterAPITests\IdeaCenterAPITests\bin\Debug\net8.0\fine-code-coverage\coverage-tool-output</ResultsDirectory><TargetPlatform>X64</TargetPlatform><TargetFrameworkVersion>.NETCoreApp,Version=v8.0</TargetFrameworkVersion><DesignMode>False</DesignMode><CollectSourceInformation>False</CollectSourceInformation><TestAdaptersPaths>C:\Program Files\dotnet\sdk\9.0.302\Extensions</TestAdaptersPaths></RunConfiguration><LoggerRunSettings><Loggers><Logger friendlyName="blame" enabled="True" /><Logger friendlyName="Console" uri="logger://microsoft/TestPlatform/ConsoleLogger/v1" assemblyQualifiedName="Microsoft.VisualStudio.TestPlatform.CommandLine.Internal.ConsoleLogger, vstest.console, Version=15.0.0.0, Culture=neutral, PublicKeyToken=b03f5f7f11d50a3a" codeBase="C:\Program Files\dotnet\sdk\9.0.302\vstest.console.dll" enabled="True" /></Loggers></LoggerRunSettings><DataCollectionRunSettings><DataCollectors><DataCollector friendlyName="blame" enabled="True"><Configuration><ResultsDirectory>D:\DEV\SoftUni_QA_Back-End-Test-Automation\13.ExamPrep-1\IdeaCenterAPITests\IdeaCenterAPITests\IdeaCenterAPITests\bin\Debug\net8.0\fine-code-coverage\coverage-tool-output</ResultsDirectory></Configuration></DataCollector></DataCollectors></DataCollectionRunSettings></RunSettings> and sources D:\DEV\SoftUni_QA_Back-End-Test-Automation\13.ExamPrep-1\IdeaCenterAPITests\IdeaCenterAPITests\IdeaCenterAPITests\bin\Debug\fine-code-coverage-net8.0\IdeaCenterAPITests.dll: 
TpTrace Verbose: 0 : 22072, 5, 2025/08/13, 12:15:58.613, 14534493342705, vstest.console.dll, DataCollectionRequestSender.SendBeforeTestRunStartAndGetResult: Received message: (DataCollection.SendMessage) -> {"MessageType":"DataCollection.SendMessage","Payload":{"FriendlyName":null,"Uri":null,"TestCaseId":"00000000-0000-0000-0000-000000000000","Message":"Logging DataCollector Diagnostics in file: D:\\DEV\\SoftUni_QA_Back-End-Test-Automation\\13.ExamPrep-1\\IdeaCenterAPITests\\IdeaCenterAPITests\\IdeaCenterAPITests\\bin\\Debug\\net8.0\\fine-code-coverage\\coverage-tool-output\\diagnostics.datacollector.25-08-13_12-15-58_40311_5.log","Level":0}}
TpTrace Verbose: 0 : 22072, 5, 2025/08/13, 12:15:58.691, 14534494127056, vstest.console.dll, DataCollectionRequestSender.SendBeforeTestRunStartAndGetResult: Received message: (DataCollection.BeforeTestRunStartResult) -> {"MessageType":"DataCollection.BeforeTestRunStartResult","Payload":{"EnvironmentVariables":{},"DataCollectionEventsPort":55957}}
TpTrace Information: 0 : 22072, 5, 2025/08/13, 12:15:58.695, 14534494161429, vstest.console.dll, ProxyDataCollectionManager.BeforeTestRunStart: SendBeforeTestRunStartAndGetResult successful, env variable from datacollector:   and testhost port: 55957
TpTrace Information: 0 : 22072, 5, 2025/08/13, 12:15:58.695, 14534494162361, vstest.console.dll, ProxyDataCollectionManager.InvokeDataCollectionServiceAction: Completed.
TpTrace Verbose: 0 : 22072, 5, 2025/08/13, 12:15:58.695, 14534494162556, vstest.console.dll, ParallelProxyExecutionManager.StartTestRunOnConcurrentManager: Initializing test run. Started clients: 0
TpTrace Verbose: 0 : 22072, 5, 2025/08/13, 12:15:58.695, 14534494163194, vstest.console.dll, ProxyExecutionManager: Test host is always Lazy initialize.
TpTrace Verbose: 0 : 22072, 5, 2025/08/13, 12:15:58.695, 14534494164835, vstest.console.dll, TestRequestSender.InitializeCommunication: initialize communication. 
TpTrace Information: 0 : 22072, 5, 2025/08/13, 12:15:58.695, 14534494169176, vstest.console.dll, SocketServer.Start: Listening on endpoint : 127.0.0.1:55958
TpTrace Verbose: 0 : 22072, 5, 2025/08/13, 12:15:58.696, 14534494175617, vstest.console.dll, DotnetTestHostmanager.GetTestHostProcessStartInfo: Platform environment 'X64' target architecture 'X64' framework '.NETCoreApp,Version=v8.0' OS 'Windows'
TpTrace Verbose: 0 : 22072, 5, 2025/08/13, 12:15:58.696, 14534494177018, vstest.console.dll, DotnetTestHostmanager: Adding  --runtimeconfig "D:\DEV\SoftUni_QA_Back-End-Test-Automation\13.ExamPrep-1\IdeaCenterAPITests\IdeaCenterAPITests\IdeaCenterAPITests\bin\Debug\fine-code-coverage-net8.0\IdeaCenterAPITests.runtimeconfig.json" in args
TpTrace Verbose: 0 : 22072, 5, 2025/08/13, 12:15:58.696, 14534494177495, vstest.console.dll, DotnetTestHostmanager: Adding  --depsfile "D:\DEV\SoftUni_QA_Back-End-Test-Automation\13.ExamPrep-1\IdeaCenterAPITests\IdeaCenterAPITests\IdeaCenterAPITests\bin\Debug\fine-code-coverage-net8.0\IdeaCenterAPITests.deps.json" in args
TpTrace Verbose: 0 : 22072, 5, 2025/08/13, 12:15:58.696, 14534494179024, vstest.console.dll, DotnetTestHostmanager.IsWinOnArm: Current PROCESSOR_ARCHITECTURE from environment variable 'AMD64'
TpTrace Verbose: 0 : 22072, 5, 2025/08/13, 12:15:58.696, 14534494179502, vstest.console.dll, DotnetTestHostmanager.IsWinOnArm: Is Windows on ARM 'False'
TpTrace Verbose: 0 : 22072, 5, 2025/08/13, 12:15:58.696, 14534494179882, vstest.console.dll, DotnetTestHostManager: testhost.exe found at path: D:\DEV\SoftUni_QA_Back-End-Test-Automation\13.ExamPrep-1\IdeaCenterAPITests\IdeaCenterAPITests\IdeaCenterAPITests\bin\Debug\fine-code-coverage-net8.0\testhost.exe
TpTrace Verbose: 0 : 22072, 5, 2025/08/13, 12:15:58.696, 14534494180201, vstest.console.dll, DotnetTestHostmanager: Full path of host exe is D:\DEV\SoftUni_QA_Back-End-Test-Automation\13.ExamPrep-1\IdeaCenterAPITests\IdeaCenterAPITests\IdeaCenterAPITests\bin\Debug\fine-code-coverage-net8.0\testhost.exe
TpTrace Verbose: 0 : 22072, 5, 2025/08/13, 12:15:58.697, 14534494181745, vstest.console.dll, DotnetTestHostmanager.LaunchTestHostAsync: Found 'VSTEST_WINAPPHOST_DOTNET_ROOT' in env variables, value 'C:\Program Files\dotnet', forwarding to 'DOTNET_ROOT'
TpTrace Verbose: 0 : 22072, 5, 2025/08/13, 12:15:58.697, 14534494182980, vstest.console.dll, DotnetTestHostManager: Starting process 'D:\DEV\SoftUni_QA_Back-End-Test-Automation\13.ExamPrep-1\IdeaCenterAPITests\IdeaCenterAPITests\IdeaCenterAPITests\bin\Debug\fine-code-coverage-net8.0\testhost.exe' with command line ' --runtimeconfig "D:\DEV\SoftUni_QA_Back-End-Test-Automation\13.ExamPrep-1\IdeaCenterAPITests\IdeaCenterAPITests\IdeaCenterAPITests\bin\Debug\fine-code-coverage-net8.0\IdeaCenterAPITests.runtimeconfig.json" --depsfile "D:\DEV\SoftUni_QA_Back-End-Test-Automation\13.ExamPrep-1\IdeaCenterAPITests\IdeaCenterAPITests\IdeaCenterAPITests\bin\Debug\fine-code-coverage-net8.0\IdeaCenterAPITests.deps.json" --port 55958 --endpoint 127.0.0.1:055958 --role client --parentprocessid 22072 --diag "D:\DEV\SoftUni_QA_Back-End-Test-Automation\13.ExamPrep-1\IdeaCenterAPITests\IdeaCenterAPITests\IdeaCenterAPITests\bin\Debug\net8.0\fine-code-coverage\coverage-tool-output\diagnostics.host.25-08-13_12-15-58_69617_5.log" --tracelevel 4 --datacollectionport 55957 --telemetryoptedin false'
TpTrace Verbose: 0 : 22072, 5, 2025/08/13, 12:15:58.707, 14534494287502, vstest.console.dll, MulticastDelegateUtilities.SafeInvoke: HostProviderEvents.OnHostLaunched: Invoking callback 1/2 for Microsoft.VisualStudio.TestPlatform.CrossPlatEngine.Client.ProxyExecutionManagerWithDataCollection., took 1 ms.
TpTrace Verbose: 0 : 22072, 5, 2025/08/13, 12:15:58.708, 14534494290904, vstest.console.dll, Test Runtime launched
TpTrace Verbose: 0 : 22072, 5, 2025/08/13, 12:15:58.708, 14534494291574, vstest.console.dll, MulticastDelegateUtilities.SafeInvoke: HostProviderEvents.OnHostLaunched: Invoking callback 2/2 for Microsoft.VisualStudio.TestPlatform.CrossPlatEngine.Client.ProxyOperationManager., took 0 ms.
TpTrace Verbose: 0 : 22072, 5, 2025/08/13, 12:15:58.708, 14534494293140, vstest.console.dll, TestRequestSender.WaitForRequestHandlerConnection: waiting for connection with timeout: 90000.
TpTrace Verbose: 0 : 22072, 12, 2025/08/13, 12:15:58.867, 14534495888540, vstest.console.dll, MulticastDelegateUtilities.SafeInvoke: SocketServer: ClientConnected: Invoking callback 1/1 for Microsoft.VisualStudio.TestPlatform.CommunicationUtilities.TestRequestSender., took 0 ms.
TpTrace Verbose: 0 : 22072, 5, 2025/08/13, 12:15:58.867, 14534495888899, vstest.console.dll, TestRequestSender.WaitForRequestHandlerConnection: waiting took 159 ms, with timeout 90000 ms, and result 0, which is success.
TpTrace Verbose: 0 : 22072, 12, 2025/08/13, 12:15:58.867, 14534495890015, vstest.console.dll, SocketServer.OnClientConnected: Client connected for endPoint: 127.0.0.1:55958, starting MessageLoopAsync:
TpTrace Verbose: 0 : 22072, 12, 2025/08/13, 12:15:58.868, 14534495896562, vstest.console.dll, TcpClientExtensions.MessageLoopAsync: Polling on remoteEndPoint: 127.0.0.1:55959 localEndPoint: 127.0.0.1:55958 after 0 ms
TpTrace Verbose: 0 : 22072, 5, 2025/08/13, 12:15:58.868, 14534495897558, vstest.console.dll, TestRequestSender.CheckVersionWithTestHost: Sending check version message: {"MessageType":"ProtocolVersion","Payload":7}
TpTrace Verbose: 0 : 22072, 12, 2025/08/13, 12:15:58.950, 14534496715628, vstest.console.dll, TcpClientExtensions.MessageLoopAsync: NotifyDataAvailable remoteEndPoint: 127.0.0.1:55959 localEndPoint: 127.0.0.1:55958
TpTrace Verbose: 0 : 22072, 12, 2025/08/13, 12:15:58.950, 14534496717995, vstest.console.dll, TestRequestSender.CheckVersionWithTestHost: onMessageReceived received message: (ProtocolVersion) -> {"MessageType":"ProtocolVersion","Payload":7}
TpTrace Verbose: 0 : 22072, 12, 2025/08/13, 12:15:58.951, 14534496723188, vstest.console.dll, MulticastDelegateUtilities.SafeInvoke: LengthPrefixCommunicationChannel: MessageReceived: Invoking callback 1/1 for Microsoft.VisualStudio.TestPlatform.CommunicationUtilities.TestRequestSender+<>c__DisplayClass29_0., took 0 ms.
TpTrace Verbose: 0 : 22072, 12, 2025/08/13, 12:15:58.951, 14534496724387, vstest.console.dll, TcpClientExtensions.MessageLoopAsync: Polling on remoteEndPoint: 127.0.0.1:55959 localEndPoint: 127.0.0.1:55958 after 82 ms
TpTrace Verbose: 0 : 22072, 5, 2025/08/13, 12:15:58.951, 14534496725267, vstest.console.dll, TestPluginCache.GetExtensionPaths: Filtered extension paths: 
TpTrace Verbose: 0 : 22072, 5, 2025/08/13, 12:15:58.951, 14534496725788, vstest.console.dll, TestPluginCache.GetExtensionPaths: Added default extension paths: C:\Program Files\dotnet\sdk\9.0.302\Extensions\Microsoft.Diagnostics.NETCore.Client.dll
C:\Program Files\dotnet\sdk\9.0.302\Extensions\Microsoft.TestPlatform.Extensions.BlameDataCollector.dll
C:\Program Files\dotnet\sdk\9.0.302\Extensions\Microsoft.TestPlatform.Extensions.EventLogCollector.dll
C:\Program Files\dotnet\sdk\9.0.302\Extensions\Microsoft.TestPlatform.TestHostRuntimeProvider.dll
C:\Program Files\dotnet\sdk\9.0.302\Extensions\Microsoft.VisualStudio.TestPlatform.Extensions.Html.TestLogger.dll
C:\Program Files\dotnet\sdk\9.0.302\Extensions\Microsoft.VisualStudio.TestPlatform.Extensions.Trx.TestLogger.dll
TpTrace Verbose: 0 : 22072, 5, 2025/08/13, 12:15:58.951, 14534496726048, vstest.console.dll, TestPluginCache.GetExtensionPaths: Added unfilterableExtensionPaths: 
TpTrace Verbose: 0 : 22072, 5, 2025/08/13, 12:15:58.953, 14534496745059, vstest.console.dll, TestRequestSender.InitializeExecution: Sending initialize execution with message: {"Version":7,"MessageType":"TestExecution.Initialize","Payload":["D:\\DEV\\SoftUni_QA_Back-End-Test-Automation\\13.ExamPrep-1\\IdeaCenterAPITests\\IdeaCenterAPITests\\IdeaCenterAPITests\\bin\\Debug\\fine-code-coverage-net8.0\\NUnit3.TestAdapter.dll"]}
TpTrace Verbose: 0 : 22072, 5, 2025/08/13, 12:15:58.953, 14534496747122, vstest.console.dll, ParallelProxyExecutionManager.StartTestRunOnConcurrentManager: Execution starting. Started clients: 1
TpTrace Verbose: 0 : 22072, 5, 2025/08/13, 12:15:58.953, 14534496749362, vstest.console.dll, TestRunRequest:SendTestRunMessage: Starting.
TpTrace Verbose: 0 : 22072, 5, 2025/08/13, 12:15:58.954, 14534496750771, vstest.console.dll, MulticastDelegateUtilities.SafeInvoke: TestRun.LogMessages: Invoking callback 1/1 for Microsoft.VisualStudio.TestPlatform.CommandLine.TestRunResultAggregator., took 0 ms.
TpTrace Information: 0 : 22072, 5, 2025/08/13, 12:15:58.954, 14534496751035, vstest.console.dll, TestRunRequest:SendTestRunMessage: Completed.
TpTrace Verbose: 0 : 22072, 4, 2025/08/13, 12:15:58.954, 14534496753519, vstest.console.dll, MulticastDelegateUtilities.SafeInvoke: InternalTestLoggerEvents.SendTestRunMessage: Invoking callback 1/1 for Microsoft.VisualStudio.TestPlatform.CommandLine.Internal.ConsoleLogger., took 0 ms.
TpTrace Warning: 0 : 22072, 5, 2025/08/13, 12:15:58.954, 14534496754193, vstest.console.dll, InferRunSettingsHelper.MakeRunsettingsCompatible: Removing the following settings: TargetPlatform from RunSettings file. To use those settings please move to latest version of Microsoft.NET.Test.Sdk
TpTrace Verbose: 0 : 22072, 12, 2025/08/13, 12:15:58.955, 14534496765050, vstest.console.dll, TcpClientExtensions.MessageLoopAsync: NotifyDataAvailable remoteEndPoint: 127.0.0.1:55959 localEndPoint: 127.0.0.1:55958
TpTrace Verbose: 0 : 22072, 12, 2025/08/13, 12:15:58.955, 14534496767990, vstest.console.dll, TestRequestSender.OnExecutionMessageReceived: Received message: {"Version":7,"MessageType":"TestSession.Message","Payload":{"MessageLevel":0,"Message":"Logging TestHost Diagnostics in file: D:\\DEV\\SoftUni_QA_Back-End-Test-Automation\\13.ExamPrep-1\\IdeaCenterAPITests\\IdeaCenterAPITests\\IdeaCenterAPITests\\bin\\Debug\\net8.0\\fine-code-coverage\\coverage-tool-output\\diagnostics.host.25-08-13_12-15-58_69617_5.log"}}
TpTrace Verbose: 0 : 22072, 12, 2025/08/13, 12:15:58.957, 14534496786446, vstest.console.dll, TestRunRequest:SendTestRunMessage: Starting.
TpTrace Verbose: 0 : 22072, 12, 2025/08/13, 12:15:58.957, 14534496787846, vstest.console.dll, MulticastDelegateUtilities.SafeInvoke: TestRun.LogMessages: Invoking callback 1/1 for Microsoft.VisualStudio.TestPlatform.CommandLine.TestRunResultAggregator., took 0 ms.
TpTrace Verbose: 0 : 22072, 4, 2025/08/13, 12:15:58.957, 14534496788201, vstest.console.dll, MulticastDelegateUtilities.SafeInvoke: InternalTestLoggerEvents.SendTestRunMessage: Invoking callback 1/1 for Microsoft.VisualStudio.TestPlatform.CommandLine.Internal.ConsoleLogger., took 0 ms.
TpTrace Information: 0 : 22072, 12, 2025/08/13, 12:15:58.957, 14534496788880, vstest.console.dll, TestRunRequest:SendTestRunMessage: Completed.
TpTrace Verbose: 0 : 22072, 12, 2025/08/13, 12:15:58.960, 14534496819207, vstest.console.dll, MulticastDelegateUtilities.SafeInvoke: LengthPrefixCommunicationChannel: MessageReceived: Invoking callback 1/1 for Microsoft.VisualStudio.TestPlatform.CommunicationUtilities.TestRequestSender+<>c__DisplayClass34_0., took 5 ms.
TpTrace Verbose: 0 : 22072, 12, 2025/08/13, 12:15:58.960, 14534496819779, vstest.console.dll, TcpClientExtensions.MessageLoopAsync: Polling on remoteEndPoint: 127.0.0.1:55959 localEndPoint: 127.0.0.1:55958 after 9 ms
TpTrace Verbose: 0 : 22072, 5, 2025/08/13, 12:15:58.963, 14534496840989, vstest.console.dll, TestRequestSender.StartTestRun: Sending test run with message: {"Version":7,"MessageType":"TestExecution.StartWithSources","Payload":{"AdapterSourceMap":{"_none_":["D:\\DEV\\SoftUni_QA_Back-End-Test-Automation\\13.ExamPrep-1\\IdeaCenterAPITests\\IdeaCenterAPITests\\IdeaCenterAPITests\\bin\\Debug\\fine-code-coverage-net8.0\\IdeaCenterAPITests.dll"]},"RunSettings":"<RunSettings>\r\n  <RunConfiguration>\r\n    <ResultsDirectory>D:\\DEV\\SoftUni_QA_Back-End-Test-Automation\\13.ExamPrep-1\\IdeaCenterAPITests\\IdeaCenterAPITests\\IdeaCenterAPITests\\bin\\Debug\\net8.0\\fine-code-coverage\\coverage-tool-output</ResultsDirectory>\r\n    <TargetFrameworkVersion>.NETCoreApp,Version=v8.0</TargetFrameworkVersion>\r\n    <DesignMode>False</DesignMode>\r\n    <CollectSourceInformation>False</CollectSourceInformation>\r\n  </RunConfiguration>\r\n  <LoggerRunSettings>\r\n    <Loggers>\r\n      <Logger friendlyName=\"blame\" enabled=\"True\" />\r\n      <Logger friendlyName=\"Console\" uri=\"logger://microsoft/TestPlatform/ConsoleLogger/v1\" assemblyQualifiedName=\"Microsoft.VisualStudio.TestPlatform.CommandLine.Internal.ConsoleLogger, vstest.console, Version=15.0.0.0, Culture=neutral, PublicKeyToken=b03f5f7f11d50a3a\" codeBase=\"C:\\Program Files\\dotnet\\sdk\\9.0.302\\vstest.console.dll\" enabled=\"True\" />\r\n    </Loggers>\r\n  </LoggerRunSettings>\r\n  <DataCollectionRunSettings>\r\n    <DataCollectors>\r\n      <DataCollector friendlyName=\"blame\" enabled=\"True\">\r\n        <Configuration>\r\n          <ResultsDirectory>D:\\DEV\\SoftUni_QA_Back-End-Test-Automation\\13.ExamPrep-1\\IdeaCenterAPITests\\IdeaCenterAPITests\\IdeaCenterAPITests\\bin\\Debug\\net8.0\\fine-code-coverage\\coverage-tool-output</ResultsDirectory>\r\n        </Configuration>\r\n      </DataCollector>\r\n    </DataCollectors>\r\n  </DataCollectionRunSettings>\r\n</RunSettings>","TestExecutionContext":{"FrequencyOfRunStatsChangeEvent":10,"RunStatsChangeEventTimeout":"00:00:01.5000000","InIsolation":false,"KeepAlive":false,"AreTestCaseLevelEventsRequired":false,"IsDebug":false,"TestCaseFilter":null,"FilterOptions":null},"Package":null}}
TpTrace Verbose: 0 : 22072, 5, 2025/08/13, 12:15:58.963, 14534496842985, vstest.console.dll, ParallelProxyExecutionManager.StartTestRunOnConcurrentManager: Execution started. Started clients: 1
TpTrace Verbose: 0 : 22072, 12, 2025/08/13, 12:15:59.070, 14534497912403, vstest.console.dll, TcpClientExtensions.MessageLoopAsync: NotifyDataAvailable remoteEndPoint: 127.0.0.1:55959 localEndPoint: 127.0.0.1:55958
TpTrace Verbose: 0 : 22072, 12, 2025/08/13, 12:15:59.070, 14534497914052, vstest.console.dll, TestRequestSender.OnExecutionMessageReceived: Received message: {"Version":7,"MessageType":"TestSession.Message","Payload":{"MessageLevel":0,"Message":"NUnit Adapter 4.5.0.0: Test execution started"}}
TpTrace Verbose: 0 : 22072, 12, 2025/08/13, 12:15:59.070, 14534497916489, vstest.console.dll, TestRunRequest:SendTestRunMessage: Starting.
TpTrace Verbose: 0 : 22072, 12, 2025/08/13, 12:15:59.070, 14534497917180, vstest.console.dll, MulticastDelegateUtilities.SafeInvoke: TestRun.LogMessages: Invoking callback 1/1 for Microsoft.VisualStudio.TestPlatform.CommandLine.TestRunResultAggregator., took 0 ms.
TpTrace Information: 0 : 22072, 12, 2025/08/13, 12:15:59.070, 14534497917399, vstest.console.dll, TestRunRequest:SendTestRunMessage: Completed.
TpTrace Verbose: 0 : 22072, 12, 2025/08/13, 12:15:59.070, 14534497917606, vstest.console.dll, MulticastDelegateUtilities.SafeInvoke: LengthPrefixCommunicationChannel: MessageReceived: Invoking callback 1/1 for Microsoft.VisualStudio.TestPlatform.CommunicationUtilities.TestRequestSender+<>c__DisplayClass34_0., took 0 ms.
TpTrace Verbose: 0 : 22072, 4, 2025/08/13, 12:15:59.070, 14534497917627, vstest.console.dll, MulticastDelegateUtilities.SafeInvoke: InternalTestLoggerEvents.SendTestRunMessage: Invoking callback 1/1 for Microsoft.VisualStudio.TestPlatform.CommandLine.Internal.ConsoleLogger., took 0 ms.
TpTrace Verbose: 0 : 22072, 12, 2025/08/13, 12:15:59.070, 14534497917818, vstest.console.dll, TcpClientExtensions.MessageLoopAsync: Polling on remoteEndPoint: 127.0.0.1:55959 localEndPoint: 127.0.0.1:55958 after 109 ms
TpTrace Verbose: 0 : 22072, 12, 2025/08/13, 12:15:59.089, 14534498107143, vstest.console.dll, TcpClientExtensions.MessageLoopAsync: NotifyDataAvailable remoteEndPoint: 127.0.0.1:55959 localEndPoint: 127.0.0.1:55958
TpTrace Verbose: 0 : 22072, 12, 2025/08/13, 12:15:59.089, 14534498108585, vstest.console.dll, TestRequestSender.OnExecutionMessageReceived: Received message: {"Version":7,"MessageType":"TestSession.Message","Payload":{"MessageLevel":0,"Message":"Running all tests in D:\\DEV\\SoftUni_QA_Back-End-Test-Automation\\13.ExamPrep-1\\IdeaCenterAPITests\\IdeaCenterAPITests\\IdeaCenterAPITests\\bin\\Debug\\fine-code-coverage-net8.0\\IdeaCenterAPITests.dll"}}
TpTrace Verbose: 0 : 22072, 12, 2025/08/13, 12:15:59.089, 14534498109449, vstest.console.dll, TestRunRequest:SendTestRunMessage: Starting.
TpTrace Verbose: 0 : 22072, 12, 2025/08/13, 12:15:59.089, 14534498109852, vstest.console.dll, MulticastDelegateUtilities.SafeInvoke: TestRun.LogMessages: Invoking callback 1/1 for Microsoft.VisualStudio.TestPlatform.CommandLine.TestRunResultAggregator., took 0 ms.
TpTrace Information: 0 : 22072, 12, 2025/08/13, 12:15:59.089, 14534498110024, vstest.console.dll, TestRunRequest:SendTestRunMessage: Completed.
TpTrace Verbose: 0 : 22072, 12, 2025/08/13, 12:15:59.089, 14534498110189, vstest.console.dll, MulticastDelegateUtilities.SafeInvoke: LengthPrefixCommunicationChannel: MessageReceived: Invoking callback 1/1 for Microsoft.VisualStudio.TestPlatform.CommunicationUtilities.TestRequestSender+<>c__DisplayClass34_0., took 0 ms.
TpTrace Verbose: 0 : 22072, 4, 2025/08/13, 12:15:59.089, 14534498110366, vstest.console.dll, MulticastDelegateUtilities.SafeInvoke: InternalTestLoggerEvents.SendTestRunMessage: Invoking callback 1/1 for Microsoft.VisualStudio.TestPlatform.CommandLine.Internal.ConsoleLogger., took 0 ms.
TpTrace Verbose: 0 : 22072, 12, 2025/08/13, 12:15:59.089, 14534498111742, vstest.console.dll, TcpClientExtensions.MessageLoopAsync: Polling on remoteEndPoint: 127.0.0.1:55959 localEndPoint: 127.0.0.1:55958 after 19 ms
TpTrace Verbose: 0 : 22072, 12, 2025/08/13, 12:15:59.173, 14534498948339, vstest.console.dll, TcpClientExtensions.MessageLoopAsync: NotifyDataAvailable remoteEndPoint: 127.0.0.1:55959 localEndPoint: 127.0.0.1:55958
TpTrace Verbose: 0 : 22072, 12, 2025/08/13, 12:15:59.173, 14534498950338, vstest.console.dll, TestRequestSender.OnExecutionMessageReceived: Received message: {"Version":7,"MessageType":"TestSession.Message","Payload":{"MessageLevel":0,"Message":"   NUnit3TestExecutor discovered 2 of 2 NUnit test cases using Current Discovery mode, Non-Explicit run"}}
TpTrace Verbose: 0 : 22072, 12, 2025/08/13, 12:15:59.174, 14534498951482, vstest.console.dll, TestRunRequest:SendTestRunMessage: Starting.
TpTrace Verbose: 0 : 22072, 12, 2025/08/13, 12:15:59.174, 14534498952512, vstest.console.dll, MulticastDelegateUtilities.SafeInvoke: TestRun.LogMessages: Invoking callback 1/1 for Microsoft.VisualStudio.TestPlatform.CommandLine.TestRunResultAggregator., took 0 ms.
TpTrace Information: 0 : 22072, 12, 2025/08/13, 12:15:59.174, 14534498952788, vstest.console.dll, TestRunRequest:SendTestRunMessage: Completed.
TpTrace Verbose: 0 : 22072, 12, 2025/08/13, 12:15:59.174, 14534498953049, vstest.console.dll, MulticastDelegateUtilities.SafeInvoke: LengthPrefixCommunicationChannel: MessageReceived: Invoking callback 1/1 for Microsoft.VisualStudio.TestPlatform.CommunicationUtilities.TestRequestSender+<>c__DisplayClass34_0., took 0 ms.
TpTrace Verbose: 0 : 22072, 4, 2025/08/13, 12:15:59.174, 14534498953079, vstest.console.dll, MulticastDelegateUtilities.SafeInvoke: InternalTestLoggerEvents.SendTestRunMessage: Invoking callback 1/1 for Microsoft.VisualStudio.TestPlatform.CommandLine.Internal.ConsoleLogger., took 0 ms.
TpTrace Verbose: 0 : 22072, 12, 2025/08/13, 12:15:59.174, 14534498953283, vstest.console.dll, TcpClientExtensions.MessageLoopAsync: Polling on remoteEndPoint: 127.0.0.1:55959 localEndPoint: 127.0.0.1:55958 after 84 ms
TpTrace Verbose: 0 : 22072, 12, 2025/08/13, 12:15:59.748, 14534504692061, vstest.console.dll, TcpClientExtensions.MessageLoopAsync: NotifyDataAvailable remoteEndPoint: 127.0.0.1:55959 localEndPoint: 127.0.0.1:55958
TpTrace Verbose: 0 : 22072, 12, 2025/08/13, 12:15:59.748, 14534504693918, vstest.console.dll, TestRequestSender.OnExecutionMessageReceived: Received message: {"Version":7,"MessageType":"TestSession.Message","Payload":{"MessageLevel":1,"Message":"Creating idea with title: Title5938 and description: Description5938\r\n"}}
TpTrace Verbose: 0 : 22072, 12, 2025/08/13, 12:15:59.748, 14534504695035, vstest.console.dll, TestRunRequest:SendTestRunMessage: Starting.
TpTrace Verbose: 0 : 22072, 12, 2025/08/13, 12:15:59.748, 14534504695531, vstest.console.dll, MulticastDelegateUtilities.SafeInvoke: TestRun.LogMessages: Invoking callback 1/1 for Microsoft.VisualStudio.TestPlatform.CommandLine.TestRunResultAggregator., took 0 ms.
TpTrace Information: 0 : 22072, 12, 2025/08/13, 12:15:59.748, 14534504695749, vstest.console.dll, TestRunRequest:SendTestRunMessage: Completed.
TpTrace Verbose: 0 : 22072, 12, 2025/08/13, 12:15:59.748, 14534504696029, vstest.console.dll, MulticastDelegateUtilities.SafeInvoke: LengthPrefixCommunicationChannel: MessageReceived: Invoking callback 1/1 for Microsoft.VisualStudio.TestPlatform.CommunicationUtilities.TestRequestSender+<>c__DisplayClass34_0., took 0 ms.
TpTrace Verbose: 0 : 22072, 12, 2025/08/13, 12:15:59.748, 14534504696301, vstest.console.dll, TcpClientExtensions.MessageLoopAsync: Polling on remoteEndPoint: 127.0.0.1:55959 localEndPoint: 127.0.0.1:55958 after 574 ms
TpTrace Verbose: 0 : 22072, 4, 2025/08/13, 12:15:59.748, 14534504697662, vstest.console.dll, MulticastDelegateUtilities.SafeInvoke: InternalTestLoggerEvents.SendTestRunMessage: Invoking callback 1/1 for Microsoft.VisualStudio.TestPlatform.CommandLine.Internal.ConsoleLogger., took 0 ms.
TpTrace Verbose: 0 : 22072, 12, 2025/08/13, 12:15:59.838, 14534505593596, vstest.console.dll, TcpClientExtensions.MessageLoopAsync: NotifyDataAvailable remoteEndPoint: 127.0.0.1:55959 localEndPoint: 127.0.0.1:55958
TpTrace Verbose: 0 : 22072, 12, 2025/08/13, 12:15:59.838, 14534505595297, vstest.console.dll, TestRequestSender.OnExecutionMessageReceived: Received message: {"Version":7,"MessageType":"TestSession.Message","Payload":{"MessageLevel":1,"Message":"Id: 17a9b78b-e44e-4735-fad0-08ddd4e10c60\r\nId: 690d4760-47fd-4787-fae4-08ddd4e10c60\r\nId: 030e66d7-a3d4-44d7-fae5-08ddd4e10c60\r\nLast created idea ID: 030e66d7-a3d4-44d7-fae5-08ddd4e10c60\r\n"}}
TpTrace Verbose: 0 : 22072, 12, 2025/08/13, 12:15:59.838, 14534505596434, vstest.console.dll, TestRunRequest:SendTestRunMessage: Starting.
TpTrace Verbose: 0 : 22072, 12, 2025/08/13, 12:15:59.838, 14534505596975, vstest.console.dll, MulticastDelegateUtilities.SafeInvoke: TestRun.LogMessages: Invoking callback 1/1 for Microsoft.VisualStudio.TestPlatform.CommandLine.TestRunResultAggregator., took 0 ms.
TpTrace Information: 0 : 22072, 12, 2025/08/13, 12:15:59.838, 14534505597744, vstest.console.dll, TestRunRequest:SendTestRunMessage: Completed.
TpTrace Verbose: 0 : 22072, 12, 2025/08/13, 12:15:59.838, 14534505598067, vstest.console.dll, MulticastDelegateUtilities.SafeInvoke: LengthPrefixCommunicationChannel: MessageReceived: Invoking callback 1/1 for Microsoft.VisualStudio.TestPlatform.CommunicationUtilities.TestRequestSender+<>c__DisplayClass34_0., took 0 ms.
TpTrace Verbose: 0 : 22072, 4, 2025/08/13, 12:15:59.838, 14534505598232, vstest.console.dll, MulticastDelegateUtilities.SafeInvoke: InternalTestLoggerEvents.SendTestRunMessage: Invoking callback 1/1 for Microsoft.VisualStudio.TestPlatform.CommandLine.Internal.ConsoleLogger., took 0 ms.
TpTrace Verbose: 0 : 22072, 12, 2025/08/13, 12:15:59.838, 14534505598334, vstest.console.dll, TcpClientExtensions.MessageLoopAsync: Polling on remoteEndPoint: 127.0.0.1:55959 localEndPoint: 127.0.0.1:55958 after 90 ms
TpTrace Verbose: 0 : 22072, 12, 2025/08/13, 12:15:59.844, 14534505652191, vstest.console.dll, TcpClientExtensions.MessageLoopAsync: NotifyDataAvailable remoteEndPoint: 127.0.0.1:55959 localEndPoint: 127.0.0.1:55958
TpTrace Verbose: 0 : 22072, 12, 2025/08/13, 12:15:59.844, 14534505653830, vstest.console.dll, TestRequestSender.OnExecutionMessageReceived: Received message: {"Version":7,"MessageType":"TestSession.Message","Payload":{"MessageLevel":0,"Message":"NUnit Adapter 4.5.0.0: Test execution complete"}}
TpTrace Verbose: 0 : 22072, 12, 2025/08/13, 12:15:59.844, 14534505654948, vstest.console.dll, TestRunRequest:SendTestRunMessage: Starting.
TpTrace Verbose: 0 : 22072, 12, 2025/08/13, 12:15:59.844, 14534505655449, vstest.console.dll, MulticastDelegateUtilities.SafeInvoke: TestRun.LogMessages: Invoking callback 1/1 for Microsoft.VisualStudio.TestPlatform.CommandLine.TestRunResultAggregator., took 0 ms.
TpTrace Information: 0 : 22072, 12, 2025/08/13, 12:15:59.844, 14534505655663, vstest.console.dll, TestRunRequest:SendTestRunMessage: Completed.
TpTrace Verbose: 0 : 22072, 12, 2025/08/13, 12:15:59.844, 14534505655928, vstest.console.dll, MulticastDelegateUtilities.SafeInvoke: LengthPrefixCommunicationChannel: MessageReceived: Invoking callback 1/1 for Microsoft.VisualStudio.TestPlatform.CommunicationUtilities.TestRequestSender+<>c__DisplayClass34_0., took 0 ms.
TpTrace Verbose: 0 : 22072, 4, 2025/08/13, 12:15:59.844, 14534505656253, vstest.console.dll, MulticastDelegateUtilities.SafeInvoke: InternalTestLoggerEvents.SendTestRunMessage: Invoking callback 1/1 for Microsoft.VisualStudio.TestPlatform.CommandLine.Internal.ConsoleLogger., took 0 ms.
TpTrace Verbose: 0 : 22072, 12, 2025/08/13, 12:15:59.844, 14534505656435, vstest.console.dll, TcpClientExtensions.MessageLoopAsync: Polling on remoteEndPoint: 127.0.0.1:55959 localEndPoint: 127.0.0.1:55958 after 5 ms
TpTrace Verbose: 0 : 22072, 12, 2025/08/13, 12:15:59.874, 14534505953101, vstest.console.dll, TcpClientExtensions.MessageLoopAsync: NotifyDataAvailable remoteEndPoint: 127.0.0.1:55959 localEndPoint: 127.0.0.1:55958
TpTrace Verbose: 0 : 22072, 12, 2025/08/13, 12:15:59.874, 14534505955360, vstest.console.dll, TestRequestSender.OnExecutionMessageReceived: Received message: {"Version":7,"MessageType":"TestExecution.Completed","Payload":{"TestRunCompleteArgs":{"TestRunStatistics":{"ExecutedTests":2,"Stats":{"Passed":2}},"IsCanceled":false,"IsAborted":false,"Error":null,"AttachmentSets":[],"InvokedDataCollectors":[],"ElapsedTimeInRunningTests":"00:00:00.7966316","Metrics":{},"DiscoveredExtensions":{"TestDiscoverers":["NUnit.VisualStudio.TestAdapter.NUnit3TestDiscoverer, NUnit3.TestAdapter, Version=4.5.0.0, Culture=neutral, PublicKeyToken=4cb40d35494691ac"],"TestExecutors":["executor://NUnit3TestExecutor"],"TestExecutors2":[],"TestSettingsProviders":[]}},"LastRunTests":{"NewTestResults":[{"TestCase":{"Id":"c7384365-990b-1d00-a9d5-05e8ca51987f","FullyQualifiedName":"IdeaCenterAPITests.IdeaCenterApiTests.CreateIdea_WithRequiredFields_ShouldReturnSuccess","DisplayName":"CreateIdea_WithRequiredFields_ShouldReturnSuccess","ExecutorUri":"executor://NUnit3TestExecutor","Source":"D:\\DEV\\SoftUni_QA_Back-End-Test-Automation\\13.ExamPrep-1\\IdeaCenterAPITests\\IdeaCenterAPITests\\IdeaCenterAPITests\\bin\\Debug\\fine-code-coverage-net8.0\\IdeaCenterAPITests.dll","CodeFilePath":null,"LineNumber":0,"Properties":[{"Key":{"Id":"NUnit.Seed","Label":"Seed","Category":"","Description":"","Attributes":0,"ValueType":"System.String"},"Value":"955383564"}]},"Attachments":[],"Outcome":1,"ErrorMessage":null,"ErrorStackTrace":null,"DisplayName":"CreateIdea_WithRequiredFields_ShouldReturnSuccess","Messages":[{"Category":"StdOutMsgs","Text":"Creating idea with title: Title5938 and description: Description5938\r\n"}],"ComputerName":"DELL-VOSTRO-ZLA","Duration":"00:00:00.2013110","StartTime":"2025-08-13T09:15:59.532227+00:00","EndTime":"2025-08-13T09:15:59.7334827+00:00","Properties":[{"Key":{"Id":"NUnit.Seed","Label":"Seed","Category":"","Description":"","Attributes":0,"ValueType":"System.String"},"Value":"955383564"}]},{"TestCase":{"Id":"19c8c3ac-9bcd-531b-348b-ebfac7be5aef","FullyQualifiedName":"IdeaCenterAPITests.IdeaCenterApiTests.GetAllIdeas_ShouldReturnListOfIdeas","DisplayName":"GetAllIdeas_ShouldReturnListOfIdeas","ExecutorUri":"executor://NUnit3TestExecutor","Source":"D:\\DEV\\SoftUni_QA_Back-End-Test-Automation\\13.ExamPrep-1\\IdeaCenterAPITests\\IdeaCenterAPITests\\IdeaCenterAPITests\\bin\\Debug\\fine-code-coverage-net8.0\\IdeaCenterAPITests.dll","CodeFilePath":null,"LineNumber":0,"Properties":[{"Key":{"Id":"NUnit.Seed","Label":"Seed","Category":"","Description":"","Attributes":0,"ValueType":"System.String"},"Value":"575284490"}]},"Attachments":[],"Outcome":1,"ErrorMessage":null,"ErrorStackTrace":null,"DisplayName":"GetAllIdeas_ShouldReturnListOfIdeas","Messages":[{"Category":"StdOutMsgs","Text":"Id: 17a9b78b-e44e-4735-fad0-08ddd4e10c60\r\nId: 690d4760-47fd-4787-fae4-08ddd4e10c60\r\nId: 030e66d7-a3d4-44d7-fae5-08ddd4e10c60\r\nLast created idea ID: 030e66d7-a3d4-44d7-fae5-08ddd4e10c60\r\n"}],"ComputerName":"DELL-VOSTRO-ZLA","Duration":"00:00:00.1027270","StartTime":"2025-08-13T09:15:59.7346731+00:00","EndTime":"2025-08-13T09:15:59.8374+00:00","Properties":[{"Key":{"Id":"NUnit.Seed","Label":"Seed","Category":"","Description":"","Attributes":0,"ValueType":"System.String"},"Value":"575284490"}]}],"TestRunStatistics":{"ExecutedTests":2,"Stats":{"Passed":2}},"ActiveTests":[]},"RunAttachments":[],"ExecutorUris":["executor://nunit3testexecutor/"]}}
TpTrace Verbose: 0 : 22072, 12, 2025/08/13, 12:15:59.874, 14534505956576, vstest.console.dll, TestRequestSender.EndSession: Sending end session.
TpTrace Verbose: 0 : 22072, 12, 2025/08/13, 12:15:59.874, 14534505958182, vstest.console.dll, ProxyOperationManager.Close: waiting for test host to exit for 100 ms
TpTrace Verbose: 0 : 22072, 11, 2025/08/13, 12:15:59.903, 14534506244497, vstest.console.dll, TestHostManagerCallbacks.StandardOutputReceivedCallback Test host standard output line: 
TpTrace Warning: 0 : 22072, 9, 2025/08/13, 12:15:59.903, 14534506244497, vstest.console.dll, TestHostManagerCallbacks.ErrorReceivedCallback Test host standard error line: 
TpTrace Verbose: 0 : 22072, 9, 2025/08/13, 12:15:59.914, 14534506352434, vstest.console.dll, TestHostProvider.ExitCallBack: Host exited starting callback.
TpTrace Information: 0 : 22072, 9, 2025/08/13, 12:15:59.914, 14534506353916, vstest.console.dll, TestHostManagerCallbacks.ExitCallBack: Testhost processId: 12004 exited with exitcode: 0 error: ''
TpTrace Verbose: 0 : 22072, 9, 2025/08/13, 12:15:59.914, 14534506354209, vstest.console.dll, DotnetTestHostManager.OnHostExited: invoking OnHostExited callback
TpTrace Verbose: 0 : 22072, 9, 2025/08/13, 12:15:59.914, 14534506354627, vstest.console.dll, CrossPlatEngine.TestHostManagerHostExited: calling on client process exit callback.
TpTrace Information: 0 : 22072, 9, 2025/08/13, 12:15:59.914, 14534506355098, vstest.console.dll, TestRequestSender.OnClientProcessExit: Test host process exited. Standard error: 
TpTrace Information: 0 : 22072, 9, 2025/08/13, 12:15:59.914, 14534506355956, vstest.console.dll, SocketServer.Stop: Stop server endPoint: 127.0.0.1:55958
TpTrace Information: 0 : 22072, 9, 2025/08/13, 12:15:59.914, 14534506356209, vstest.console.dll, SocketServer.Stop: Cancellation requested. Stopping message loop.
TpTrace Information: 0 : 22072, 12, 2025/08/13, 12:15:59.914, 14534506356350, vstest.console.dll, SocketServer.Stop: Stop server endPoint: 127.0.0.1:55958
TpTrace Information: 0 : 22072, 12, 2025/08/13, 12:15:59.914, 14534506356980, vstest.console.dll, SocketServer.Stop: Cancellation requested. Stopping message loop.
TpTrace Verbose: 0 : 22072, 9, 2025/08/13, 12:15:59.914, 14534506357099, vstest.console.dll, MulticastDelegateUtilities.SafeInvoke: HostProviderEvents.OnHostExited: Invoking callback 1/1 for Microsoft.VisualStudio.TestPlatform.CrossPlatEngine.Client.ProxyOperationManager., took 0 ms.
TpTrace Information: 0 : 22072, 12, 2025/08/13, 12:15:59.914, 14534506357319, vstest.console.dll, Closing the connection
TpTrace Verbose: 0 : 22072, 12, 2025/08/13, 12:15:59.914, 14534506359200, vstest.console.dll, ProxyDataCollectionManager.InvokeDataCollectionServiceAction: Starting.
TpTrace Information: 0 : 22072, 12, 2025/08/13, 12:15:59.914, 14534506359537, vstest.console.dll, ProxyDataCollectionManager.AfterTestRunEnd: Get attachment set and invoked data collectors processId: 37976 port: 55955
TpTrace Verbose: 0 : 22072, 12, 2025/08/13, 12:15:59.914, 14534506359875, vstest.console.dll, DataCollectionRequestSender.SendAfterTestRunStartAndGetResult: Send AfterTestRunEnd message with isCancelled: False
TpTrace Verbose: 0 : 22072, 12, 2025/08/13, 12:15:59.919, 14534506408176, vstest.console.dll, DataCollectionRequestSender.SendAfterTestRunStartAndGetResult: Received message: (DataCollection.AfterTestRunEndResult) -> {"MessageType":"DataCollection.AfterTestRunEndResult","Payload":{"AttachmentSets":[],"InvokedDataCollectors":[{"Uri":"datacollector://Microsoft/TestPlatform/Extensions/Blame/v1","FriendlyName":"Blame","AssemblyQualifiedName":"Microsoft.TestPlatform.Extensions.BlameDataCollector.BlameCollector, Microsoft.TestPlatform.Extensions.BlameDataCollector, Version=15.0.0.0, Culture=neutral, PublicKeyToken=b03f5f7f11d50a3a","FilePath":"C:\\Program Files\\dotnet\\sdk\\9.0.302\\Extensions\\Microsoft.TestPlatform.Extensions.BlameDataCollector.dll","HasAttachmentProcessor":false}],"Metrics":{}}}
TpTrace Information: 0 : 22072, 12, 2025/08/13, 12:15:59.926, 14534506477689, vstest.console.dll, ProxyDataCollectionManager.InvokeDataCollectionServiceAction: Completed.
TpTrace Warning: 0 : 22072, 10, 2025/08/13, 12:15:59.942, 14534506640109, vstest.console.dll, DataCollectionLauncher.ErrorReceivedCallback datacollector standard error line: 
TpTrace Information: 0 : 22072, 10, 2025/08/13, 12:15:59.947, 14534506690190, vstest.console.dll, DataCollectionLauncher.ExitCallBack: Data collector exited with exitcode: 0 error: ''
TpTrace Verbose: 0 : 22072, 12, 2025/08/13, 12:15:59.971, 14534506920786, vstest.console.dll, TestRunRequest:SendTestRunStatsChange: Starting.
TpTrace Verbose: 0 : 22072, 12, 2025/08/13, 12:15:59.971, 14534506923958, vstest.console.dll, MulticastDelegateUtilities.SafeInvoke: TestRun.RunStatsChanged: Invoking callbacks was skipped because there are no subscribers.
TpTrace Information: 0 : 22072, 12, 2025/08/13, 12:15:59.971, 14534506924721, vstest.console.dll, TestRunRequest:SendTestRunStatsChange: Completed.
TpTrace Verbose: 0 : 22072, 12, 2025/08/13, 12:15:59.971, 14534506928503, vstest.console.dll, ParallelProxyExecutionManager: HandlePartialRunComplete: Total workloads = 1, Total started clients = 1 Total completed clients = 1, Run complete = True, Run canceled: False.
TpTrace Verbose: 0 : 22072, 12, 2025/08/13, 12:15:59.971, 14534506929262, vstest.console.dll, ParallelProxyExecutionManager: HandlePartialRunComplete: All runs completed stopping all managers.
TpTrace Verbose: 0 : 22072, 12, 2025/08/13, 12:15:59.971, 14534506929672, vstest.console.dll, ParallelOperationManager.StopAllManagers: Stopping all managers.
TpTrace Verbose: 0 : 22072, 12, 2025/08/13, 12:15:59.972, 14534506930797, vstest.console.dll, ParallelOperationManager.ClearSlots: Clearing all slots. Slots should accept more work: False
TpTrace Verbose: 0 : 22072, 12, 2025/08/13, 12:15:59.972, 14534506931377, vstest.console.dll, ParallelOperationManager.SetOccupiedSlotCount: Setting slot counts AvailableSlotCount = 1, OccupiedSlotCount = 0.
TpTrace Verbose: 0 : 22072, 12, 2025/08/13, 12:15:59.972, 14534506931776, vstest.console.dll, Occupied slots:

TpTrace Verbose: 0 : 22072, 4, 2025/08/13, 12:15:59.972, 14534506936427, vstest.console.dll, MulticastDelegateUtilities.SafeInvoke: InternalTestLoggerEvents.SendTestResult: Invoking callback 1/1 for Microsoft.VisualStudio.TestPlatform.CommandLine.Internal.ConsoleLogger., took 1 ms.
TpTrace Verbose: 0 : 22072, 4, 2025/08/13, 12:15:59.972, 14534506939258, vstest.console.dll, MulticastDelegateUtilities.SafeInvoke: InternalTestLoggerEvents.SendTestResult: Invoking callback 1/1 for Microsoft.VisualStudio.TestPlatform.CommandLine.Internal.ConsoleLogger., took 0 ms.
TpTrace Verbose: 0 : 22072, 4, 2025/08/13, 12:15:59.978, 14534506994551, vstest.console.dll, MulticastDelegateUtilities.SafeInvoke: InternalTestLoggerEvents.SendTestRunComplete: Invoking callback 1/2 for Microsoft.TestPlatform.Extensions.BlameDataCollector.BlameLogger., took 0 ms.
TpTrace Verbose: 0 : 22072, 4, 2025/08/13, 12:15:59.982, 14534507036402, vstest.console.dll, MulticastDelegateUtilities.SafeInvoke: InternalTestLoggerEvents.SendTestRunComplete: Invoking callback 2/2 for Microsoft.VisualStudio.TestPlatform.CommandLine.Internal.ConsoleLogger., took 4 ms.
TpTrace Verbose: 0 : 22072, 12, 2025/08/13, 12:15:59.982, 14534507040491, vstest.console.dll, TestRunRequest:TestRunComplete: Starting. IsAborted:False IsCanceled:False.
TpTrace Verbose: 0 : 22072, 12, 2025/08/13, 12:15:59.983, 14534507042388, vstest.console.dll, ParallelOperationManager.DoActionOnAllManagers: Calling an action on all managers.
TpTrace Verbose: 0 : 22072, 12, 2025/08/13, 12:15:59.983, 14534507048875, vstest.console.dll, TestLoggerManager.HandleTestRunComplete: Ignoring as the object is disposed.
TpTrace Verbose: 0 : 22072, 12, 2025/08/13, 12:15:59.984, 14534507050893, vstest.console.dll, MulticastDelegateUtilities.SafeInvoke: TestRun.TestRunComplete: Invoking callback 1/2 for Microsoft.VisualStudio.TestPlatform.CommandLine.TestRunResultAggregator., took 0 ms.
TpTrace Verbose: 0 : 22072, 12, 2025/08/13, 12:15:59.984, 14534507051938, vstest.console.dll, MulticastDelegateUtilities.SafeInvoke: TestRun.TestRunComplete: Invoking callback 2/2 for Microsoft.VisualStudio.TestPlatform.CommandLine.Processors.RunTestsArgumentExecutor+TestRunRequestEventsRegistrar., took 0 ms.
TpTrace Information: 0 : 22072, 12, 2025/08/13, 12:15:59.984, 14534507052738, vstest.console.dll, TestRunRequest:TestRunComplete: Completed.
TpTrace Verbose: 0 : 22072, 12, 2025/08/13, 12:15:59.984, 14534507053050, vstest.console.dll, TestRequestSender.SetOperationComplete: Setting operation complete.
TpTrace Information: 0 : 22072, 12, 2025/08/13, 12:15:59.984, 14534507053249, vstest.console.dll, SocketServer.Stop: Stop server endPoint: 127.0.0.1:55958
TpTrace Information: 0 : 22072, 12, 2025/08/13, 12:15:59.984, 14534507053417, vstest.console.dll, SocketServer.Stop: Cancellation requested. Stopping message loop.
TpTrace Verbose: 0 : 22072, 12, 2025/08/13, 12:15:59.984, 14534507053628, vstest.console.dll, MulticastDelegateUtilities.SafeInvoke: LengthPrefixCommunicationChannel: MessageReceived: Invoking callback 1/1 for Microsoft.VisualStudio.TestPlatform.CommunicationUtilities.TestRequestSender+<>c__DisplayClass34_0., took 109 ms.
TpTrace Information: 0 : 22072, 12, 2025/08/13, 12:15:59.984, 14534507053934, vstest.console.dll, SocketServer.PrivateStop: Stopping server endPoint: 127.0.0.1:55958 error: 
TpTrace Verbose: 0 : 22072, 1, 2025/08/13, 12:15:59.984, 14534507053974, vstest.console.dll, TestRunRequest.Dispose: Starting.
TpTrace Information: 0 : 22072, 1, 2025/08/13, 12:15:59.984, 14534507054811, vstest.console.dll, TestRunRequest.Dispose: Completed.
TpTrace Information: 0 : 22072, 1, 2025/08/13, 12:15:59.984, 14534507055170, vstest.console.dll, TestRequestManager.RunTests: run tests completed.
TpTrace Information: 0 : 22072, 1, 2025/08/13, 12:15:59.984, 14534507055834, vstest.console.dll, RunTestsArgumentProcessor:Execute: Test run is completed.
TpTrace Verbose: 0 : 22072, 1, 2025/08/13, 12:15:59.984, 14534507057495, vstest.console.dll, Executor.Execute: Exiting with exit code of 0
TpTrace Verbose: 0 : 22072, 12, 2025/08/13, 12:15:59.984, 14534507057534, vstest.console.dll, LengthPrefixCommunicationChannel.Dispose: Dispose reader and writer.
TpTrace Information: 0 : 22072, 12, 2025/08/13, 12:15:59.984, 14534507058482, vstest.console.dll, SocketServer.Stop: Raise disconnected event endPoint: 127.0.0.1:55958 error: 
TpTrace Verbose: 0 : 22072, 12, 2025/08/13, 12:15:59.984, 14534507059112, vstest.console.dll, TestRequestSender: OnTestRunAbort: Operation is already complete. Skip error message.
TpTrace Verbose: 0 : 22072, 12, 2025/08/13, 12:15:59.984, 14534507059420, vstest.console.dll, MulticastDelegateUtilities.SafeInvoke: SocketServer: ClientDisconnected: Invoking callback 1/1 for Microsoft.VisualStudio.TestPlatform.CommunicationUtilities.TestRequestSender., took 0 ms.
TpTrace Verbose: 0 : 22072, 12, 2025/08/13, 12:15:59.984, 14534507059626, vstest.console.dll, TcpClientExtensions.MessageLoopAsync: exiting MessageLoopAsync remoteEndPoint: 127.0.0.1:55959 localEndPoint: 127.0.0.1:55958
